2021-02-14 19:03:21 [scrapy.utils.log] INFO: Scrapy 2.4.1 started (bot: ytc)
2021-02-14 19:03:21 [scrapy.utils.log] INFO: Versions: lxml 4.6.2.0, libxml2 2.9.10, cssselect 1.1.0, parsel 1.6.0, w3lib 1.22.0, Twisted 18.9.0, Python 3.9.1 (default, Dec 11 2020, 14:29:41) - [GCC 9.3.0], pyOpenSSL 20.0.1 (OpenSSL 1.1.1i  8 Dec 2020), cryptography 3.3.1, Platform Linux-5.4.0-62-generic-x86_64-with
2021-02-14 19:03:21 [scrapy.utils.log] DEBUG: Using reactor: twisted.internet.epollreactor.EPollReactor
2021-02-14 19:03:21 [scrapy.crawler] INFO: Overridden settings:
{'BOT_NAME': 'ytc',
 'DUPEFILTER_CLASS': 'scrapy_splash.SplashAwareDupeFilter',
 'HTTPCACHE_STORAGE': 'scrapy_splash.SplashAwareFSCacheStorage',
 'LOG_FILE': '/var/lib/scrapyd/logs/ytc/ytspider/4dfdc8206ef711ebb5450242ac120003.log',
 'NEWSPIDER_MODULE': 'ytc.spiders',
 'SPIDER_MODULES': ['ytc.spiders'],
 'USER_AGENT': 'ytc (+http://www.yourdomain.com)'}
2021-02-14 19:03:21 [scrapy.extensions.telnet] INFO: Telnet Password: a730747bedc90711
2021-02-14 19:03:21 [py.warnings] WARNING: /usr/local/lib/python3.9/site-packages/scrapy/extensions/feedexport.py:247: ScrapyDeprecationWarning: The `FEED_URI` and `FEED_FORMAT` settings have been deprecated in favor of the `FEEDS` setting. Please see the `FEEDS` setting docs for more details
  exporter = cls(crawler)

2021-02-14 19:03:21 [scrapy.middleware] INFO: Enabled extensions:
['scrapy.extensions.corestats.CoreStats',
 'scrapy.extensions.telnet.TelnetConsole',
 'scrapy.extensions.memusage.MemoryUsage',
 'scrapy.extensions.feedexport.FeedExporter',
 'scrapy.extensions.logstats.LogStats']
2021-02-14 19:03:21 [scrapy.middleware] INFO: Enabled downloader middlewares:
['scrapy.downloadermiddlewares.httpauth.HttpAuthMiddleware',
 'scrapy.downloadermiddlewares.downloadtimeout.DownloadTimeoutMiddleware',
 'scrapy.downloadermiddlewares.defaultheaders.DefaultHeadersMiddleware',
 'scrapy.downloadermiddlewares.useragent.UserAgentMiddleware',
 'scrapy.downloadermiddlewares.retry.RetryMiddleware',
 'scrapy.downloadermiddlewares.redirect.MetaRefreshMiddleware',
 'scrapy.downloadermiddlewares.redirect.RedirectMiddleware',
 'scrapy.downloadermiddlewares.cookies.CookiesMiddleware',
 'ytc.middlewares.YtcCookiesMiddleware',
 'scrapy_splash.SplashMiddleware',
 'scrapy.downloadermiddlewares.httpproxy.HttpProxyMiddleware',
 'scrapy.downloadermiddlewares.httpcompression.HttpCompressionMiddleware',
 'scrapy.downloadermiddlewares.stats.DownloaderStats']
2021-02-14 19:03:21 [scrapy.middleware] INFO: Enabled spider middlewares:
['scrapy.spidermiddlewares.httperror.HttpErrorMiddleware',
 'scrapy_splash.SplashDeduplicateArgsMiddleware',
 'scrapy.spidermiddlewares.offsite.OffsiteMiddleware',
 'scrapy.spidermiddlewares.referer.RefererMiddleware',
 'scrapy.spidermiddlewares.urllength.UrlLengthMiddleware',
 'scrapy.spidermiddlewares.depth.DepthMiddleware']
2021-02-14 19:03:21 [py.warnings] WARNING: /usr/local/lib/python3.9/site-packages/scrapy/utils/project.py:90: ScrapyDeprecationWarning: Use of environment variables prefixed with SCRAPY_ to override settings is deprecated. The following environment variables are currently defined: FEED_URI, JOB, LOG_FILE, SLOT, SPIDER
  warnings.warn(

2021-02-14 19:03:21 [scrapy.middleware] INFO: Enabled item pipelines:
['ytc.pipelines.MongoDBPipeline']
2021-02-14 19:03:21 [scrapy.core.engine] INFO: Spider opened
2021-02-14 19:03:21 [scrapy.extensions.logstats] INFO: Crawled 0 pages (at 0 pages/min), scraped 0 items (at 0 items/min)
2021-02-14 19:03:21 [scrapy.extensions.telnet] INFO: Telnet console listening on 127.0.0.1:6023
2021-02-14 19:03:21 [py.warnings] WARNING: /usr/local/lib/python3.9/site-packages/scrapy_splash/request.py:41: ScrapyDeprecationWarning: Call to deprecated function to_native_str. Use to_unicode instead.
  url = to_native_str(url)

2021-02-14 19:04:10 [scrapy_splash.middleware] DEBUG: Received cookies from: <200 https://www.youtube.com>
Set-Cookie: CONSENT=PENDING+299
Set-Cookie: hideBrowserUpgradeBox=true
Set-Cookie: YSC=BHDZWHmcTNs
Set-Cookie: VISITOR_INFO1_LIVE=UDjHfosIYd0
Set-Cookie: GPS=1
Set-Cookie: CheckConnectionTempCookie102=869052
Set-Cookie: SID=6gczfUIEW-nT7dsKjUmX9BHEba7A4inVMY4Dvg153Hm2WJKSVEyrl1oIZX-mPG7WTS-C0A.
Set-Cookie: __Secure-3PSID=6gczfUIEW-nT7dsKjUmX9BHEba7A4inVMY4Dvg153Hm2WJKSBUhpEUsFTsS72hotsoCd0A.
Set-Cookie: HSID=ApxmMXUJlZ4HMagaD
Set-Cookie: SSID=Aw3HPZlu5s40kf5z6
Set-Cookie: APISID=n8VdFEgeo7wbIUhj/AeVcNMKSA9y_yxanN
Set-Cookie: SAPISID=L1IBg1moO3vNBWs-/AC1QRdCYDBBl8JhYE
Set-Cookie: __Secure-3PAPISID=L1IBg1moO3vNBWs-/AC1QRdCYDBBl8JhYE
Set-Cookie: __Host-GAPS=1:2_ARZc6nK5oe6cB5x4sXMiUs46H-lu4VE0uZzmjav-XyZ3D5Ent1ZHA7QjyUFzTf3vy-f28-XgMBV8aQCuCgSix4qLiXdQ:SW58q_wFid8-qh53
Set-Cookie: NID=209=q7r4CclAXm1wmJ59HzpdUV6TCcYI2aD40yK1N6dT7g5wajbcfE1oqV44uiMKMb2DlufsgO5g0BhFHvQBFgLeyaW54uVG-FHqmhs-Ujl_w9Tz24qM9OKX3_Nl7C5zB_VaqMudu5d2R0rzbDh2wRbbRxR2NjVewBDI2urPYPLmHgw
Set-Cookie: LSID=s.ES|s.youtube:6gczfYJkmTJHff2waBMu1ySki6kjQ999eUl8GeiHWANNhEbwHclRgX8V0YlAQP6-5fXemQ.
Set-Cookie: __Host-3PLSID=s.ES|s.youtube:6gczfYJkmTJHff2waBMu1ySki6kjQ999eUl8GeiHWANNhEbwoXMlrArPMOQCs757xdWopw.
Set-Cookie: ACCOUNT_CHOOSER=AFx_qI55DQgp_g2uLF6O_oDzLYF5oi0CSZqt9KOHCnzR6W-1Jqa6dyMHZP5_nOA09fwmn754NvLAmpoNQ3MlI27AVn5tr3CoDRuw-6mYlMOWg8D76nb3pmqca__y2IPZcDuZtsXpaYBkA-yjcCtSQzUSfjyCaLSrQw
Set-Cookie: SIDCC=AJi4QfHXhVv1Wy7avBiQveS0X8QFS8fCFEGtlA6r-OELwjnZTZVmw5E-8163kA-ecs-jvDwt6A
Set-Cookie: __Secure-3PSIDCC=AJi4QfHh__5TYO0F813vcftCMRqPDaOSgGUWvyAztLDtuFpOqydx_Kvqa06VIX02aDyouhZx
Set-Cookie: SID=6gczfUIEW-nT7dsKjUmX9BHEba7A4inVMY4Dvg153Hm2WJKSVEyrl1oIZX-mPG7WTS-C0A.
Set-Cookie: __Secure-3PSID=6gczfUIEW-nT7dsKjUmX9BHEba7A4inVMY4Dvg153Hm2WJKSBUhpEUsFTsS72hotsoCd0A.
Set-Cookie: HSID=AnNn5nrP7c1ImWKDA
Set-Cookie: SSID=AS6bB6WlAV27418dy
Set-Cookie: APISID=n8VdFEgeo7wbIUhj/AeVcNMKSA9y_yxanN
Set-Cookie: SAPISID=L1IBg1moO3vNBWs-/AC1QRdCYDBBl8JhYE
Set-Cookie: __Secure-3PAPISID=L1IBg1moO3vNBWs-/AC1QRdCYDBBl8JhYE
Set-Cookie: SID=6gczfUIEW-nT7dsKjUmX9BHEba7A4inVMY4Dvg153Hm2WJKSVEyrl1oIZX-mPG7WTS-C0A.
Set-Cookie: __Secure-3PSID=6gczfUIEW-nT7dsKjUmX9BHEba7A4inVMY4Dvg153Hm2WJKSBUhpEUsFTsS72hotsoCd0A.
Set-Cookie: HSID=AnNn5nrP7c1ImWKDA
Set-Cookie: SSID=AS6bB6WlAV27418dy
Set-Cookie: APISID=n8VdFEgeo7wbIUhj/AeVcNMKSA9y_yxanN
Set-Cookie: SAPISID=L1IBg1moO3vNBWs-/AC1QRdCYDBBl8JhYE
Set-Cookie: __Secure-3PAPISID=L1IBg1moO3vNBWs-/AC1QRdCYDBBl8JhYE
Set-Cookie: NID=209=IjcWUneeWrslXEs-bDhwXEHzfy1spxBs3xKIAgn3AdBGzNW2-VyQmsk11VhaVZAIk-a_1eYE5CkSyiLrzDgT_tau2r4XYFYI6WWEXwDErBTSyba5gty0uMb6-Tz0MY5Ud0YweKG16cIJFAoCX-y4toRSgR8rrSVWi3BwZBCSYMs
Set-Cookie: LOGIN_INFO=AFmmF2swRgIhAOfdwySudrF5MRfZ4LfijNVtxpoChQCBpAtJ-00F4q5sAiEAibA2ypcVp8tXaIghLL6mW5vGcbAeVkQ5T85xqT6o--w:QUQ3MjNmejM5UHdIUWNqdEI1Q2pTRENwWXZFN1I5WGhPUDhYbUdXWnVNUlhBYjVkMFd6SEk1LV84Z1NVTEJsRUpWZWdUUzlKSmluNFFnRWdnclBOS0g5ZEdWOEdNbnNUR2MwQlA5ZHFJVUxJSnlueTRoS2xPVy1qdFZKbmtDRXdMek9EeEJGWGZFeUZnMmVhWWZiclp2SDFXa2Q1OWFqMU5ITFlwRGRtS1Y3X0VoVG10b3NhaFdv
Set-Cookie: PREF=tz=Etc.GMT
Set-Cookie: IDE=AHWqTUlqRpI_ll-aa7tXEapi2myWgRdxCmccrAxOZRl0sxMGrqQpaXDN2Q0jXCtC
Set-Cookie: SIDCC=AJi4QfHy1JfAOeItPzdDF4tuIje0bi07hZpzYxmFtQMrwQD5HYGgZJDMIYqUFWc-2JjkUFKEQg
Set-Cookie: __Secure-3PSIDCC=AJi4QfGlZSkx9C_SpZ2jfYAUk6Vb4tRjzlvPdb-ea8_up7hjQlZECeQ6zNGzi6DbEUozZD_R
2021-02-14 19:04:10 [ytc.middlewares] DEBUG: Request Cookie not present
2021-02-14 19:04:10 [scrapy.core.engine] DEBUG: Crawled (200) <GET https://www.youtube.com via http://splash:8050/execute> (referer: None)
2021-02-14 19:04:11 [scrapy_splash.middleware] DEBUG: Sending cookies to: <GET https://www.youtube.com/watch?v=3xlExHPyqM0>
Cookie: IDE=AHWqTUlqRpI_ll-aa7tXEapi2myWgRdxCmccrAxOZRl0sxMGrqQpaXDN2Q0jXCtC
Cookie: APISID=n8VdFEgeo7wbIUhj/AeVcNMKSA9y_yxanN
Cookie: HSID=ApxmMXUJlZ4HMagaD
Cookie: NID=209=q7r4CclAXm1wmJ59HzpdUV6TCcYI2aD40yK1N6dT7g5wajbcfE1oqV44uiMKMb2DlufsgO5g0BhFHvQBFgLeyaW54uVG-FHqmhs-Ujl_w9Tz24qM9OKX3_Nl7C5zB_VaqMudu5d2R0rzbDh2wRbbRxR2NjVewBDI2urPYPLmHgw
Cookie: SAPISID=L1IBg1moO3vNBWs-/AC1QRdCYDBBl8JhYE
Cookie: SID=6gczfUIEW-nT7dsKjUmX9BHEba7A4inVMY4Dvg153Hm2WJKSVEyrl1oIZX-mPG7WTS-C0A.
Cookie: SIDCC=AJi4QfHXhVv1Wy7avBiQveS0X8QFS8fCFEGtlA6r-OELwjnZTZVmw5E-8163kA-ecs-jvDwt6A
Cookie: SSID=Aw3HPZlu5s40kf5z6
Cookie: __Secure-3PAPISID=L1IBg1moO3vNBWs-/AC1QRdCYDBBl8JhYE
Cookie: __Secure-3PSID=6gczfUIEW-nT7dsKjUmX9BHEba7A4inVMY4Dvg153Hm2WJKSBUhpEUsFTsS72hotsoCd0A.
Cookie: __Secure-3PSIDCC=AJi4QfHh__5TYO0F813vcftCMRqPDaOSgGUWvyAztLDtuFpOqydx_Kvqa06VIX02aDyouhZx
Cookie: APISID=n8VdFEgeo7wbIUhj/AeVcNMKSA9y_yxanN
Cookie: HSID=AnNn5nrP7c1ImWKDA
Cookie: NID=209=IjcWUneeWrslXEs-bDhwXEHzfy1spxBs3xKIAgn3AdBGzNW2-VyQmsk11VhaVZAIk-a_1eYE5CkSyiLrzDgT_tau2r4XYFYI6WWEXwDErBTSyba5gty0uMb6-Tz0MY5Ud0YweKG16cIJFAoCX-y4toRSgR8rrSVWi3BwZBCSYMs
Cookie: SAPISID=L1IBg1moO3vNBWs-/AC1QRdCYDBBl8JhYE
Cookie: SID=6gczfUIEW-nT7dsKjUmX9BHEba7A4inVMY4Dvg153Hm2WJKSVEyrl1oIZX-mPG7WTS-C0A.
Cookie: SSID=AS6bB6WlAV27418dy
Cookie: __Secure-3PAPISID=L1IBg1moO3vNBWs-/AC1QRdCYDBBl8JhYE
Cookie: __Secure-3PSID=6gczfUIEW-nT7dsKjUmX9BHEba7A4inVMY4Dvg153Hm2WJKSBUhpEUsFTsS72hotsoCd0A.
Cookie: APISID=n8VdFEgeo7wbIUhj/AeVcNMKSA9y_yxanN
Cookie: CONSENT=PENDING+299
Cookie: GPS=1
Cookie: HSID=AnNn5nrP7c1ImWKDA
Cookie: LOGIN_INFO=AFmmF2swRgIhAOfdwySudrF5MRfZ4LfijNVtxpoChQCBpAtJ-00F4q5sAiEAibA2ypcVp8tXaIghLL6mW5vGcbAeVkQ5T85xqT6o--w:QUQ3MjNmejM5UHdIUWNqdEI1Q2pTRENwWXZFN1I5WGhPUDhYbUdXWnVNUlhBYjVkMFd6SEk1LV84Z1NVTEJsRUpWZWdUUzlKSmluNFFnRWdnclBOS0g5ZEdWOEdNbnNUR2MwQlA5ZHFJVUxJSnlueTRoS2xPVy1qdFZKbmtDRXdMek9EeEJGWGZFeUZnMmVhWWZiclp2SDFXa2Q1OWFqMU5ITFlwRGRtS1Y3X0VoVG10b3NhaFdv
Cookie: PREF=tz=Etc.GMT
Cookie: SAPISID=L1IBg1moO3vNBWs-/AC1QRdCYDBBl8JhYE
Cookie: SID=6gczfUIEW-nT7dsKjUmX9BHEba7A4inVMY4Dvg153Hm2WJKSVEyrl1oIZX-mPG7WTS-C0A.
Cookie: SIDCC=AJi4QfHy1JfAOeItPzdDF4tuIje0bi07hZpzYxmFtQMrwQD5HYGgZJDMIYqUFWc-2JjkUFKEQg
Cookie: SSID=AS6bB6WlAV27418dy
Cookie: VISITOR_INFO1_LIVE=UDjHfosIYd0
Cookie: YSC=BHDZWHmcTNs
Cookie: __Secure-3PAPISID=L1IBg1moO3vNBWs-/AC1QRdCYDBBl8JhYE
Cookie: __Secure-3PSID=6gczfUIEW-nT7dsKjUmX9BHEba7A4inVMY4Dvg153Hm2WJKSBUhpEUsFTsS72hotsoCd0A.
Cookie: __Secure-3PSIDCC=AJi4QfGlZSkx9C_SpZ2jfYAUk6Vb4tRjzlvPdb-ea8_up7hjQlZECeQ6zNGzi6DbEUozZD_R
Cookie: hideBrowserUpgradeBox=true
Cookie: ACCOUNT_CHOOSER=AFx_qI55DQgp_g2uLF6O_oDzLYF5oi0CSZqt9KOHCnzR6W-1Jqa6dyMHZP5_nOA09fwmn754NvLAmpoNQ3MlI27AVn5tr3CoDRuw-6mYlMOWg8D76nb3pmqca__y2IPZcDuZtsXpaYBkA-yjcCtSQzUSfjyCaLSrQw
Cookie: LSID=s.ES|s.youtube:6gczfYJkmTJHff2waBMu1ySki6kjQ999eUl8GeiHWANNhEbwHclRgX8V0YlAQP6-5fXemQ.
Cookie: __Host-3PLSID=s.ES|s.youtube:6gczfYJkmTJHff2waBMu1ySki6kjQ999eUl8GeiHWANNhEbwoXMlrArPMOQCs757xdWopw.
Cookie: __Host-GAPS=1:2_ARZc6nK5oe6cB5x4sXMiUs46H-lu4VE0uZzmjav-XyZ3D5Ent1ZHA7QjyUFzTf3vy-f28-XgMBV8aQCuCgSix4qLiXdQ:SW58q_wFid8-qh53
Cookie: CheckConnectionTempCookie102=869052
2021-02-14 19:04:21 [scrapy.extensions.logstats] INFO: Crawled 1 pages (at 1 pages/min), scraped 0 items (at 0 items/min)
2021-02-14 19:05:01 [scrapy_splash.middleware] DEBUG: Received cookies from: <200 https://www.youtube.com/watch?v=3xlExHPyqM0>
Set-Cookie: IDE=AHWqTUlqRpI_ll-aa7tXEapi2myWgRdxCmccrAxOZRl0sxMGrqQpaXDN2Q0jXCtC
Set-Cookie: APISID=n8VdFEgeo7wbIUhj/AeVcNMKSA9y_yxanN
Set-Cookie: HSID=ApxmMXUJlZ4HMagaD
Set-Cookie: NID=209=q7r4CclAXm1wmJ59HzpdUV6TCcYI2aD40yK1N6dT7g5wajbcfE1oqV44uiMKMb2DlufsgO5g0BhFHvQBFgLeyaW54uVG-FHqmhs-Ujl_w9Tz24qM9OKX3_Nl7C5zB_VaqMudu5d2R0rzbDh2wRbbRxR2NjVewBDI2urPYPLmHgw
Set-Cookie: SAPISID=L1IBg1moO3vNBWs-/AC1QRdCYDBBl8JhYE
Set-Cookie: SID=6gczfUIEW-nT7dsKjUmX9BHEba7A4inVMY4Dvg153Hm2WJKSVEyrl1oIZX-mPG7WTS-C0A.
Set-Cookie: SSID=Aw3HPZlu5s40kf5z6
Set-Cookie: __Secure-3PAPISID=L1IBg1moO3vNBWs-/AC1QRdCYDBBl8JhYE
Set-Cookie: __Secure-3PSID=6gczfUIEW-nT7dsKjUmX9BHEba7A4inVMY4Dvg153Hm2WJKSBUhpEUsFTsS72hotsoCd0A.
Set-Cookie: APISID=n8VdFEgeo7wbIUhj/AeVcNMKSA9y_yxanN
Set-Cookie: HSID=AnNn5nrP7c1ImWKDA
Set-Cookie: NID=209=IjcWUneeWrslXEs-bDhwXEHzfy1spxBs3xKIAgn3AdBGzNW2-VyQmsk11VhaVZAIk-a_1eYE5CkSyiLrzDgT_tau2r4XYFYI6WWEXwDErBTSyba5gty0uMb6-Tz0MY5Ud0YweKG16cIJFAoCX-y4toRSgR8rrSVWi3BwZBCSYMs
Set-Cookie: SAPISID=L1IBg1moO3vNBWs-/AC1QRdCYDBBl8JhYE
Set-Cookie: SID=6gczfUIEW-nT7dsKjUmX9BHEba7A4inVMY4Dvg153Hm2WJKSVEyrl1oIZX-mPG7WTS-C0A.
Set-Cookie: SSID=AS6bB6WlAV27418dy
Set-Cookie: __Secure-3PAPISID=L1IBg1moO3vNBWs-/AC1QRdCYDBBl8JhYE
Set-Cookie: __Secure-3PSID=6gczfUIEW-nT7dsKjUmX9BHEba7A4inVMY4Dvg153Hm2WJKSBUhpEUsFTsS72hotsoCd0A.
Set-Cookie: APISID=n8VdFEgeo7wbIUhj/AeVcNMKSA9y_yxanN
Set-Cookie: CONSENT=PENDING+299
Set-Cookie: GPS=1
Set-Cookie: HSID=AnNn5nrP7c1ImWKDA
Set-Cookie: LOGIN_INFO=AFmmF2swRgIhAOfdwySudrF5MRfZ4LfijNVtxpoChQCBpAtJ-00F4q5sAiEAibA2ypcVp8tXaIghLL6mW5vGcbAeVkQ5T85xqT6o--w:QUQ3MjNmejM5UHdIUWNqdEI1Q2pTRENwWXZFN1I5WGhPUDhYbUdXWnVNUlhBYjVkMFd6SEk1LV84Z1NVTEJsRUpWZWdUUzlKSmluNFFnRWdnclBOS0g5ZEdWOEdNbnNUR2MwQlA5ZHFJVUxJSnlueTRoS2xPVy1qdFZKbmtDRXdMek9EeEJGWGZFeUZnMmVhWWZiclp2SDFXa2Q1OWFqMU5ITFlwRGRtS1Y3X0VoVG10b3NhaFdv
Set-Cookie: SAPISID=L1IBg1moO3vNBWs-/AC1QRdCYDBBl8JhYE
Set-Cookie: SID=6gczfUIEW-nT7dsKjUmX9BHEba7A4inVMY4Dvg153Hm2WJKSVEyrl1oIZX-mPG7WTS-C0A.
Set-Cookie: SSID=AS6bB6WlAV27418dy
Set-Cookie: VISITOR_INFO1_LIVE=UDjHfosIYd0
Set-Cookie: YSC=BHDZWHmcTNs
Set-Cookie: __Secure-3PAPISID=L1IBg1moO3vNBWs-/AC1QRdCYDBBl8JhYE
Set-Cookie: __Secure-3PSID=6gczfUIEW-nT7dsKjUmX9BHEba7A4inVMY4Dvg153Hm2WJKSBUhpEUsFTsS72hotsoCd0A.
Set-Cookie: hideBrowserUpgradeBox=true
Set-Cookie: ACCOUNT_CHOOSER=AFx_qI55DQgp_g2uLF6O_oDzLYF5oi0CSZqt9KOHCnzR6W-1Jqa6dyMHZP5_nOA09fwmn754NvLAmpoNQ3MlI27AVn5tr3CoDRuw-6mYlMOWg8D76nb3pmqca__y2IPZcDuZtsXpaYBkA-yjcCtSQzUSfjyCaLSrQw
Set-Cookie: LSID=s.ES|s.youtube:6gczfYJkmTJHff2waBMu1ySki6kjQ999eUl8GeiHWANNhEbwHclRgX8V0YlAQP6-5fXemQ.
Set-Cookie: __Host-3PLSID=s.ES|s.youtube:6gczfYJkmTJHff2waBMu1ySki6kjQ999eUl8GeiHWANNhEbwoXMlrArPMOQCs757xdWopw.
Set-Cookie: __Host-GAPS=1:2_ARZc6nK5oe6cB5x4sXMiUs46H-lu4VE0uZzmjav-XyZ3D5Ent1ZHA7QjyUFzTf3vy-f28-XgMBV8aQCuCgSix4qLiXdQ:SW58q_wFid8-qh53
Set-Cookie: CheckConnectionTempCookie102=869052
Set-Cookie: PREF=tz=Etc.GMT&f5=30000
Set-Cookie: SIDCC=AJi4QfFgdwFBjJhvngjvrElmlfHeqLAkokvMcD1djetic7styphP82Bpyo6IgWIyPeYKNNYvOg
Set-Cookie: __Secure-3PSIDCC=AJi4QfELr176RZX8lMcfDQKYUl8_WuguGj8nN3nTlDeWqhi45GigWKdSmsPE-JQoBw_mt4bv
Set-Cookie: SIDCC=AJi4QfFahCKTlfQkJC2vCYXHc0LH2yvw4uh_SUikBLVttIA19zECCSA88RS7ain7ieuILCYSEw
Set-Cookie: __Secure-3PSIDCC=AJi4QfHtkNKP8sHTjAodYvPgSPR9v2NreNs09qeTv6ZVWqF_3kGSawCrLor4MS9M1Ev_I2l-
2021-02-14 19:05:01 [ytc.middlewares] DEBUG: Request Cookie not present
2021-02-14 19:05:01 [scrapy.core.engine] DEBUG: Crawled (200) <GET https://www.youtube.com/watch?v=3xlExHPyqM0 via http://splash:8050/execute> (referer: None)
2021-02-14 19:05:01 [scrapy.core.scraper] DEBUG: Scraped from <200 https://www.youtube.com/watch?v=3xlExHPyqM0>
{'rec_channel': 'C. Tangana',
 'rec_url': '/watch?v=ltmO9XQVdSg',
 'rec_views': '83\xa0M de visualizaciones',
 'title': 'C. Tangana, Niño de Elche, La Hungara - Tú Me Dejaste De Querer',
 'url': 'https://www.youtube.com/watch?v=3xlExHPyqM0'}
2021-02-14 19:05:01 [scrapy.core.scraper] DEBUG: Scraped from <200 https://www.youtube.com/watch?v=3xlExHPyqM0>
{'rec_channel': 'AYAX Y PROK',
 'rec_url': '/watch?v=6w3c6cigdqo',
 'rec_views': '1,1\xa0M de visualizaciones',
 'title': 'PROK - YO LA QUIERO MAMÁ (PROD DELEX) VIDEOCLIP #LECRIDELARUE🗣',
 'url': 'https://www.youtube.com/watch?v=3xlExHPyqM0'}
2021-02-14 19:05:01 [scrapy.core.scraper] DEBUG: Scraped from <200 https://www.youtube.com/watch?v=3xlExHPyqM0>
{'rec_channel': 'Dalas Review',
 'rec_url': '/watch?v=bgjW7tKh6P8',
 'rec_views': '915.393 visualizaciones',
 'title': 'WillyRex me DEFIENDE y DESTRUYE a Wismichu. Se alegra de que esté '
          'CON ANTECEDENTES y CONDENADO 👍',
 'url': 'https://www.youtube.com/watch?v=3xlExHPyqM0'}
2021-02-14 19:05:01 [scrapy.core.scraper] DEBUG: Scraped from <200 https://www.youtube.com/watch?v=3xlExHPyqM0>
{'rec_channel': 'DORA BLACK',
 'rec_url': '/watch?v=1UzbXSRlSdk',
 'rec_views': '7,9\xa0M de visualizaciones',
 'title': 'KINDER MALO ; A VECES',
 'url': 'https://www.youtube.com/watch?v=3xlExHPyqM0'}
2021-02-14 19:05:01 [scrapy.core.scraper] DEBUG: Scraped from <200 https://www.youtube.com/watch?v=3xlExHPyqM0>
{'rec_channel': 'Bad Bunny',
 'rec_url': '/watch?v=f5omY8jVrSM',
 'rec_views': '499.403 visualizaciones',
 'title': 'BAD BUNNY x ROSALÍA - LA NOCHE DE ANOCHE (Video Oficial)',
 'url': 'https://www.youtube.com/watch?v=3xlExHPyqM0'}
2021-02-14 19:05:01 [scrapy.core.scraper] DEBUG: Scraped from <200 https://www.youtube.com/watch?v=3xlExHPyqM0>
{'rec_channel': 'Alizzz',
 'rec_url': '/watch?v=sEjplW7a6jA',
 'rec_views': '2\xa0M de visualizaciones',
 'title': 'Alizzz, Amaia - El encuentro (Videoclip oficial)',
 'url': 'https://www.youtube.com/watch?v=3xlExHPyqM0'}
2021-02-14 19:05:01 [scrapy.core.scraper] DEBUG: Scraped from <200 https://www.youtube.com/watch?v=3xlExHPyqM0>
{'rec_channel': 'FOYONE',
 'rec_url': '/watch?v=cDEB_Rb79_s',
 'rec_views': '2,2\xa0M de visualizaciones',
 'title': 'Foyone - El síndrome de Anuel',
 'url': 'https://www.youtube.com/watch?v=3xlExHPyqM0'}
2021-02-14 19:05:01 [scrapy.core.scraper] DEBUG: Scraped from <200 https://www.youtube.com/watch?v=3xlExHPyqM0>
{'rec_channel': 'Dando Break',
 'rec_url': '/watch?v=t0nGUf52abU',
 'rec_views': '2,8\xa0M de visualizaciones',
 'title': 'Rosalía, C. Tangana - Llámame Más Tarde (Official Vertical Video)',
 'url': 'https://www.youtube.com/watch?v=3xlExHPyqM0'}
2021-02-14 19:05:01 [scrapy.core.scraper] DEBUG: Scraped from <200 https://www.youtube.com/watch?v=3xlExHPyqM0>
{'rec_channel': 'C. Tangana',
 'rec_url': '/watch?v=h0Tb9VtVzVE',
 'rec_views': '27\xa0M de visualizaciones',
 'title': 'C. Tangana, Niño de Elche - Un Veneno (Video Oficial)',
 'url': 'https://www.youtube.com/watch?v=3xlExHPyqM0'}
2021-02-14 19:05:01 [scrapy.core.scraper] DEBUG: Scraped from <200 https://www.youtube.com/watch?v=3xlExHPyqM0>
{'rec_channel': 'DELLAFUENTE',
 'rec_url': '/watch?v=WkN-A-SIqzo',
 'rec_views': '5,8\xa0M de visualizaciones',
 'title': 'DELLAFUENTE, Mala Rodríguez - Tenamoras (Video Oficial)',
 'url': 'https://www.youtube.com/watch?v=3xlExHPyqM0'}
2021-02-14 19:05:01 [scrapy.core.scraper] DEBUG: Scraped from <200 https://www.youtube.com/watch?v=3xlExHPyqM0>
{'rec_channel': 'AYAX Y PROK',
 'rec_url': '/watch?v=30_DJen_jS0',
 'rec_views': '1,1\xa0M de visualizaciones',
 'title': 'AYAX - RAVAL RUINA (PROD TENSEI) | VIDEOCLIP #JUGLARDELSIGLOXXI',
 'url': 'https://www.youtube.com/watch?v=3xlExHPyqM0'}
2021-02-14 19:05:01 [scrapy.core.scraper] DEBUG: Scraped from <200 https://www.youtube.com/watch?v=3xlExHPyqM0>
{'rec_channel': 'Paulo Londra',
 'rec_url': '/watch?v=NPpELzyP4rw',
 'rec_views': '633\xa0M de visualizaciones',
 'title': 'Paulo Londra - Tal Vez (Official Video)',
 'url': 'https://www.youtube.com/watch?v=3xlExHPyqM0'}
2021-02-14 19:05:01 [scrapy.core.scraper] DEBUG: Scraped from <200 https://www.youtube.com/watch?v=3xlExHPyqM0>
{'rec_channel': 'C. Tangana',
 'rec_url': '/watch?v=HAc3T4aMENI',
 'rec_views': '283\xa0M de visualizaciones',
 'title': 'C. Tangana, Becky G - Booty (Video Oficial)',
 'url': 'https://www.youtube.com/watch?v=3xlExHPyqM0'}
2021-02-14 19:05:01 [scrapy.core.scraper] DEBUG: Scraped from <200 https://www.youtube.com/watch?v=3xlExHPyqM0>
{'rec_channel': 'Doble',
 'rec_url': '/watch?v=ftqTlHgNde8',
 'rec_views': '1,7\xa0M de visualizaciones',
 'title': 'Doble - SCHOOLBOYZ (Videoclip Oficial)',
 'url': 'https://www.youtube.com/watch?v=3xlExHPyqM0'}
2021-02-14 19:05:01 [scrapy.core.scraper] DEBUG: Scraped from <200 https://www.youtube.com/watch?v=3xlExHPyqM0>
{'rec_channel': 'C. Tangana',
 'rec_url': '/watch?v=ZlFri4ez_lE',
 'rec_views': '19\xa0M de visualizaciones',
 'title': 'C. Tangana - Demasiadas Mujeres',
 'url': 'https://www.youtube.com/watch?v=3xlExHPyqM0'}
2021-02-14 19:05:01 [scrapy.core.scraper] DEBUG: Scraped from <200 https://www.youtube.com/watch?v=3xlExHPyqM0>
{'rec_channel': 'LaZowiVEVO',
 'rec_url': '/watch?v=nCjdhfKCDbo',
 'rec_views': '5,9\xa0M de visualizaciones',
 'title': 'La Zowi, Albany - Sugar Mami',
 'url': 'https://www.youtube.com/watch?v=3xlExHPyqM0'}
2021-02-14 19:05:01 [scrapy.core.scraper] DEBUG: Scraped from <200 https://www.youtube.com/watch?v=3xlExHPyqM0>
{'rec_channel': 'AYAX Y PROK',
 'rec_url': '/watch?v=yr62TgoEAfs',
 'rec_views': '29\xa0M de visualizaciones',
 'title': 'PROK - FRESAS CON NATA (PROD. DJ KERU)',
 'url': 'https://www.youtube.com/watch?v=3xlExHPyqM0'}
2021-02-14 19:05:01 [scrapy.core.scraper] ERROR: Spider error processing <GET https://www.youtube.com/watch?v=3xlExHPyqM0 via http://splash:8050/execute> (referer: None)
Traceback (most recent call last):
  File "/usr/local/lib/python3.9/site-packages/scrapy/utils/defer.py", line 120, in iter_errback
    yield next(it)
  File "/usr/local/lib/python3.9/site-packages/scrapy/utils/python.py", line 353, in __next__
    return next(self.data)
  File "/usr/local/lib/python3.9/site-packages/scrapy/utils/python.py", line 353, in __next__
    return next(self.data)
  File "/usr/local/lib/python3.9/site-packages/scrapy/core/spidermw.py", line 62, in _evaluate_iterable
    for r in iterable:
  File "/usr/local/lib/python3.9/site-packages/scrapy_splash/middleware.py", line 156, in process_spider_output
    for el in result:
  File "/usr/local/lib/python3.9/site-packages/scrapy/core/spidermw.py", line 62, in _evaluate_iterable
    for r in iterable:
  File "/usr/local/lib/python3.9/site-packages/scrapy/spidermiddlewares/offsite.py", line 29, in process_spider_output
    for x in result:
  File "/usr/local/lib/python3.9/site-packages/scrapy/core/spidermw.py", line 62, in _evaluate_iterable
    for r in iterable:
  File "/usr/local/lib/python3.9/site-packages/scrapy/spidermiddlewares/referer.py", line 340, in <genexpr>
    return (_set_referer(r) for r in result or ())
  File "/usr/local/lib/python3.9/site-packages/scrapy/core/spidermw.py", line 62, in _evaluate_iterable
    for r in iterable:
  File "/usr/local/lib/python3.9/site-packages/scrapy/spidermiddlewares/urllength.py", line 37, in <genexpr>
    return (r for r in result or () if _filter(r))
  File "/usr/local/lib/python3.9/site-packages/scrapy/core/spidermw.py", line 62, in _evaluate_iterable
    for r in iterable:
  File "/usr/local/lib/python3.9/site-packages/scrapy/spidermiddlewares/depth.py", line 58, in <genexpr>
    return (r for r in result or () if _filter(r))
  File "/usr/local/lib/python3.9/site-packages/scrapy/core/spidermw.py", line 62, in _evaluate_iterable
    for r in iterable:
  File "/tmp/ytc-1613329396-xopcsje9.egg/ytc/spiders/ytspider.py", line 165, in parse
    item['title_ad']=sel.xpath("//*[@id='header']").get()
  File "/usr/local/lib/python3.9/site-packages/scrapy/item.py", line 99, in __setitem__
    raise KeyError(f"{self.__class__.__name__} does not support field: {key}")
KeyError: 'YtcItem does not support field: title_ad'
2021-02-14 19:05:01 [scrapy.core.engine] INFO: Closing spider (finished)
2021-02-14 19:05:01 [scrapy.extensions.feedexport] INFO: Stored jsonlines feed (17 items) in: file:///var/lib/scrapyd/items/ytc/ytspider/4dfdc8206ef711ebb5450242ac120003.jl
2021-02-14 19:05:01 [scrapy.statscollectors] INFO: Dumping Scrapy stats:
{'downloader/request_bytes': 16670,
 'downloader/request_count': 2,
 'downloader/request_method_count/POST': 2,
 'downloader/response_bytes': 5521548,
 'downloader/response_count': 2,
 'downloader/response_status_count/200': 2,
 'elapsed_time_seconds': 99.962177,
 'finish_reason': 'finished',
 'finish_time': datetime.datetime(2021, 2, 14, 19, 5, 1, 737466),
 'item_scraped_count': 17,
 'log_count/DEBUG': 24,
 'log_count/ERROR': 1,
 'log_count/INFO': 12,
 'log_count/WARNING': 3,
 'memusage/max': 74551296,
 'memusage/startup': 59867136,
 'request_depth_max': 1,
 'response_received_count': 2,
 'scheduler/dequeued': 4,
 'scheduler/dequeued/memory': 4,
 'scheduler/enqueued': 4,
 'scheduler/enqueued/memory': 4,
 'spider_exceptions/KeyError': 1,
 'splash/execute/request_count': 2,
 'splash/execute/response_count/200': 2,
 'start_time': datetime.datetime(2021, 2, 14, 19, 3, 21, 775289)}
2021-02-14 19:05:01 [scrapy.core.engine] INFO: Spider closed (finished)
