2021-02-14 19:33:21 [scrapy.utils.log] INFO: Scrapy 2.4.1 started (bot: ytc)
2021-02-14 19:33:21 [scrapy.utils.log] INFO: Versions: lxml 4.6.2.0, libxml2 2.9.10, cssselect 1.1.0, parsel 1.6.0, w3lib 1.22.0, Twisted 18.9.0, Python 3.9.1 (default, Dec 11 2020, 14:29:41) - [GCC 9.3.0], pyOpenSSL 20.0.1 (OpenSSL 1.1.1i  8 Dec 2020), cryptography 3.3.1, Platform Linux-5.4.0-62-generic-x86_64-with
2021-02-14 19:33:21 [scrapy.utils.log] DEBUG: Using reactor: twisted.internet.epollreactor.EPollReactor
2021-02-14 19:33:21 [scrapy.crawler] INFO: Overridden settings:
{'BOT_NAME': 'ytc',
 'DUPEFILTER_CLASS': 'scrapy_splash.SplashAwareDupeFilter',
 'HTTPCACHE_STORAGE': 'scrapy_splash.SplashAwareFSCacheStorage',
 'LOG_FILE': '/var/lib/scrapyd/logs/ytc/ytspider/7caf1bca6efb11ebb5450242ac120003.log',
 'NEWSPIDER_MODULE': 'ytc.spiders',
 'SPIDER_MODULES': ['ytc.spiders'],
 'USER_AGENT': 'ytc (+http://www.yourdomain.com)'}
2021-02-14 19:33:21 [scrapy.extensions.telnet] INFO: Telnet Password: d0391ce324e13690
2021-02-14 19:33:21 [py.warnings] WARNING: /usr/local/lib/python3.9/site-packages/scrapy/extensions/feedexport.py:247: ScrapyDeprecationWarning: The `FEED_URI` and `FEED_FORMAT` settings have been deprecated in favor of the `FEEDS` setting. Please see the `FEEDS` setting docs for more details
  exporter = cls(crawler)

2021-02-14 19:33:21 [scrapy.middleware] INFO: Enabled extensions:
['scrapy.extensions.corestats.CoreStats',
 'scrapy.extensions.telnet.TelnetConsole',
 'scrapy.extensions.memusage.MemoryUsage',
 'scrapy.extensions.feedexport.FeedExporter',
 'scrapy.extensions.logstats.LogStats']
2021-02-14 19:33:21 [scrapy.middleware] INFO: Enabled downloader middlewares:
['scrapy.downloadermiddlewares.httpauth.HttpAuthMiddleware',
 'scrapy.downloadermiddlewares.downloadtimeout.DownloadTimeoutMiddleware',
 'scrapy.downloadermiddlewares.defaultheaders.DefaultHeadersMiddleware',
 'scrapy.downloadermiddlewares.useragent.UserAgentMiddleware',
 'scrapy.downloadermiddlewares.retry.RetryMiddleware',
 'scrapy.downloadermiddlewares.redirect.MetaRefreshMiddleware',
 'scrapy.downloadermiddlewares.redirect.RedirectMiddleware',
 'scrapy.downloadermiddlewares.cookies.CookiesMiddleware',
 'ytc.middlewares.YtcCookiesMiddleware',
 'scrapy_splash.SplashMiddleware',
 'scrapy.downloadermiddlewares.httpproxy.HttpProxyMiddleware',
 'scrapy.downloadermiddlewares.httpcompression.HttpCompressionMiddleware',
 'scrapy.downloadermiddlewares.stats.DownloaderStats']
2021-02-14 19:33:21 [scrapy.middleware] INFO: Enabled spider middlewares:
['scrapy.spidermiddlewares.httperror.HttpErrorMiddleware',
 'scrapy_splash.SplashDeduplicateArgsMiddleware',
 'scrapy.spidermiddlewares.offsite.OffsiteMiddleware',
 'scrapy.spidermiddlewares.referer.RefererMiddleware',
 'scrapy.spidermiddlewares.urllength.UrlLengthMiddleware',
 'scrapy.spidermiddlewares.depth.DepthMiddleware']
2021-02-14 19:33:21 [py.warnings] WARNING: /usr/local/lib/python3.9/site-packages/scrapy/utils/project.py:90: ScrapyDeprecationWarning: Use of environment variables prefixed with SCRAPY_ to override settings is deprecated. The following environment variables are currently defined: FEED_URI, JOB, LOG_FILE, SLOT, SPIDER
  warnings.warn(

2021-02-14 19:33:21 [scrapy.middleware] INFO: Enabled item pipelines:
['ytc.pipelines.MongoDBPipeline']
2021-02-14 19:33:21 [scrapy.core.engine] INFO: Spider opened
2021-02-14 19:33:21 [scrapy.extensions.logstats] INFO: Crawled 0 pages (at 0 pages/min), scraped 0 items (at 0 items/min)
2021-02-14 19:33:21 [scrapy.extensions.telnet] INFO: Telnet console listening on 127.0.0.1:6023
2021-02-14 19:33:21 [py.warnings] WARNING: /usr/local/lib/python3.9/site-packages/scrapy_splash/request.py:41: ScrapyDeprecationWarning: Call to deprecated function to_native_str. Use to_unicode instead.
  url = to_native_str(url)

2021-02-14 19:34:02 [scrapy_splash.middleware] DEBUG: Received cookies from: <200 https://www.youtube.com>
Set-Cookie: CONSENT=PENDING+673
Set-Cookie: hideBrowserUpgradeBox=true
Set-Cookie: YSC=wQWLl2VHYxg
Set-Cookie: VISITOR_INFO1_LIVE=tAMKJLrhh40
Set-Cookie: GPS=1
Set-Cookie: CheckConnectionTempCookie528=906436
Set-Cookie: SID=6gczfed187rTUq0pH2BimP7oToSmEGxN8cSJXbczu8H8E9ttPV7lx40HJhG_agVDL3cCFA.
Set-Cookie: __Secure-3PSID=6gczfed187rTUq0pH2BimP7oToSmEGxN8cSJXbczu8H8E9ttt6xHbU3KL-HFayWBaX5duQ.
Set-Cookie: HSID=A0ZBoYdWtJVTuWtFa
Set-Cookie: SSID=AKE3OXNwIWt79XIh2
Set-Cookie: APISID=x_KXb8mrxFg9M3kU/AGuOy1C8HEjXG13SS
Set-Cookie: SAPISID=-UCf92eYQAierc5Q/A_7mz3_OGUM-V1pbm
Set-Cookie: __Secure-3PAPISID=-UCf92eYQAierc5Q/A_7mz3_OGUM-V1pbm
Set-Cookie: NID=209=tAj0bi0hTKPBP2OpccM9lBlSQfcciEkLQqqboSXcsWBP4JhvEMRdCtXwXscFxyKuomQMHRtHru9Klu5xqkcupC-ZICt1pzuuwXrXzzmZ2jStWHUb3B7yeEYwAYBEaFMbj_HlWPEItrrjB8AlRCGCvoA2uHqcZaFvwiPata1qhTY
Set-Cookie: __Host-GAPS=1:lJ4tJg0iQQS8y7eYJc6xgqnu9NdTyI8aLD1E8B6pyALuQZX1pw4x0z-ZkVAIPDmmer2RWZdaVPY589IqH68XGipHBP8uEw:lNi_awGl9QqmGnwB
Set-Cookie: LSID=s.ES|s.youtube:6gczfQSu8h931H7f8KyoHW_WR5T1bjcjzqIJ3q79LbpkeA8E5ROXhaMK_6TG9TDJ9xMk_A.
Set-Cookie: __Host-3PLSID=s.ES|s.youtube:6gczfQSu8h931H7f8KyoHW_WR5T1bjcjzqIJ3q79LbpkeA8EXt8J7WZdmc3QPlBrGzkkJA.
Set-Cookie: ACCOUNT_CHOOSER=AFx_qI62v3MHnUKZp4Y6hZ9VTiWqhnN-ezgZK7QoOZGVY4jar2V5XzRZMZVZDBYmJAHf1eKrca3SBd_iEBtpCyOi0JoFgdD0BOOVRQPLZex7VFWgliNqdLOLJmqxMKAXEmXn2CC72hvzpw7Tqixl6JekqEEbkBAs8g
Set-Cookie: SIDCC=AJi4QfGQEWkrQP5ZYJEv4XiCCv3TkB_vvDiqCce6D7gxX7wYEs9AnbJpV1LHWzosaQEA1AXkXA
Set-Cookie: __Secure-3PSIDCC=AJi4QfHcKMdyhvFwosVmAu1T2lX_N6I4xu-_Ftk-xGSjO-XlrK0O7V5qRl2g5Mi8us7nn1wt2A
Set-Cookie: SID=6gczfed187rTUq0pH2BimP7oToSmEGxN8cSJXbczu8H8E9ttPV7lx40HJhG_agVDL3cCFA.
Set-Cookie: __Secure-3PSID=6gczfed187rTUq0pH2BimP7oToSmEGxN8cSJXbczu8H8E9ttt6xHbU3KL-HFayWBaX5duQ.
Set-Cookie: HSID=ApxBPnTGxCHAAcVei
Set-Cookie: SSID=ATInxqAyh4fwOfXTE
Set-Cookie: APISID=x_KXb8mrxFg9M3kU/AGuOy1C8HEjXG13SS
Set-Cookie: SAPISID=-UCf92eYQAierc5Q/A_7mz3_OGUM-V1pbm
Set-Cookie: __Secure-3PAPISID=-UCf92eYQAierc5Q/A_7mz3_OGUM-V1pbm
Set-Cookie: SID=6gczfed187rTUq0pH2BimP7oToSmEGxN8cSJXbczu8H8E9ttPV7lx40HJhG_agVDL3cCFA.
Set-Cookie: __Secure-3PSID=6gczfed187rTUq0pH2BimP7oToSmEGxN8cSJXbczu8H8E9ttt6xHbU3KL-HFayWBaX5duQ.
Set-Cookie: HSID=ApxBPnTGxCHAAcVei
Set-Cookie: SSID=ATInxqAyh4fwOfXTE
Set-Cookie: APISID=x_KXb8mrxFg9M3kU/AGuOy1C8HEjXG13SS
Set-Cookie: SAPISID=-UCf92eYQAierc5Q/A_7mz3_OGUM-V1pbm
Set-Cookie: __Secure-3PAPISID=-UCf92eYQAierc5Q/A_7mz3_OGUM-V1pbm
Set-Cookie: NID=209=vJXxEHbuCXgbrPCpRM_s4w4JUx22lLNkbw8SiBu0-RPExsyFWxo4MAhXLOxUHvZMMnlt4uanIEocQHAvEgYFSSaJEBIcntxPEJmtnBK5U0RuP2lH2TydtFWrXhxW12PEehM18GnbHC_oIHUij5nxbswODqOAJY9rTiEKSgBAy-s
Set-Cookie: LOGIN_INFO=AFmmF2swRAIgUhFNBsZcWtPfKjgArDIrjTgTFwy55i1Urhia3Xd6e_wCIHmeMQ7KUL6FXgD95IclS5xWL940JXG8-VcFNLyN9oVZ:QUQ3MjNmenI2RGtMcF93R2xpUkF0WUUydkZxX0lieUVYNkpuTWpDMy1iQVlYY2toaTZuUVRpS2JTRG0taEFKd2lfbW04SE40ejVzVHdmQjVOMDNBTnY0amdlQkhleG90TE0zUjdOYW1FWFROYTNYaFh0OVRBcjI3R056Mkdad3ZtU3ExbGZnUVNoQzJRbmxaZnNUNnI0elVJc1IyRTZWR3JpWTRaekJ4bGk3SzV5a2UyNkFITDhN
Set-Cookie: PREF=tz=Etc.GMT
Set-Cookie: test_cookie=CheckForPermission
Set-Cookie: SIDCC=AJi4QfFXkJdMOLTbyCu4NWVWOabnDBrUKG6XSkHd7N6d83y5ZwwbPrrNbXIcXC_D3jlSvqds
Set-Cookie: __Secure-3PSIDCC=AJi4QfGKDh7QLH2SZw7s7jS54TT9do5uYsiF4_PWlTYayhfDwSpZ3fut6k81PCjwpgFeJ0n3
2021-02-14 19:34:02 [ytc.middlewares] DEBUG: Request Cookie not present
2021-02-14 19:34:02 [scrapy.core.engine] DEBUG: Crawled (200) <GET https://www.youtube.com via http://splash:8050/execute> (referer: None)
2021-02-14 19:34:02 [scrapy_splash.middleware] DEBUG: Sending cookies to: <GET https://www.youtube.com/watch?v=3xlExHPyqM0>
Cookie: test_cookie=CheckForPermission
Cookie: APISID=x_KXb8mrxFg9M3kU/AGuOy1C8HEjXG13SS
Cookie: HSID=A0ZBoYdWtJVTuWtFa
Cookie: NID=209=tAj0bi0hTKPBP2OpccM9lBlSQfcciEkLQqqboSXcsWBP4JhvEMRdCtXwXscFxyKuomQMHRtHru9Klu5xqkcupC-ZICt1pzuuwXrXzzmZ2jStWHUb3B7yeEYwAYBEaFMbj_HlWPEItrrjB8AlRCGCvoA2uHqcZaFvwiPata1qhTY
Cookie: SAPISID=-UCf92eYQAierc5Q/A_7mz3_OGUM-V1pbm
Cookie: SID=6gczfed187rTUq0pH2BimP7oToSmEGxN8cSJXbczu8H8E9ttPV7lx40HJhG_agVDL3cCFA.
Cookie: SIDCC=AJi4QfGQEWkrQP5ZYJEv4XiCCv3TkB_vvDiqCce6D7gxX7wYEs9AnbJpV1LHWzosaQEA1AXkXA
Cookie: SSID=AKE3OXNwIWt79XIh2
Cookie: __Secure-3PAPISID=-UCf92eYQAierc5Q/A_7mz3_OGUM-V1pbm
Cookie: __Secure-3PSID=6gczfed187rTUq0pH2BimP7oToSmEGxN8cSJXbczu8H8E9ttt6xHbU3KL-HFayWBaX5duQ.
Cookie: __Secure-3PSIDCC=AJi4QfHcKMdyhvFwosVmAu1T2lX_N6I4xu-_Ftk-xGSjO-XlrK0O7V5qRl2g5Mi8us7nn1wt2A
Cookie: APISID=x_KXb8mrxFg9M3kU/AGuOy1C8HEjXG13SS
Cookie: HSID=ApxBPnTGxCHAAcVei
Cookie: NID=209=vJXxEHbuCXgbrPCpRM_s4w4JUx22lLNkbw8SiBu0-RPExsyFWxo4MAhXLOxUHvZMMnlt4uanIEocQHAvEgYFSSaJEBIcntxPEJmtnBK5U0RuP2lH2TydtFWrXhxW12PEehM18GnbHC_oIHUij5nxbswODqOAJY9rTiEKSgBAy-s
Cookie: SAPISID=-UCf92eYQAierc5Q/A_7mz3_OGUM-V1pbm
Cookie: SID=6gczfed187rTUq0pH2BimP7oToSmEGxN8cSJXbczu8H8E9ttPV7lx40HJhG_agVDL3cCFA.
Cookie: SSID=ATInxqAyh4fwOfXTE
Cookie: __Secure-3PAPISID=-UCf92eYQAierc5Q/A_7mz3_OGUM-V1pbm
Cookie: __Secure-3PSID=6gczfed187rTUq0pH2BimP7oToSmEGxN8cSJXbczu8H8E9ttt6xHbU3KL-HFayWBaX5duQ.
Cookie: APISID=x_KXb8mrxFg9M3kU/AGuOy1C8HEjXG13SS
Cookie: CONSENT=PENDING+673
Cookie: GPS=1
Cookie: HSID=ApxBPnTGxCHAAcVei
Cookie: LOGIN_INFO=AFmmF2swRAIgUhFNBsZcWtPfKjgArDIrjTgTFwy55i1Urhia3Xd6e_wCIHmeMQ7KUL6FXgD95IclS5xWL940JXG8-VcFNLyN9oVZ:QUQ3MjNmenI2RGtMcF93R2xpUkF0WUUydkZxX0lieUVYNkpuTWpDMy1iQVlYY2toaTZuUVRpS2JTRG0taEFKd2lfbW04SE40ejVzVHdmQjVOMDNBTnY0amdlQkhleG90TE0zUjdOYW1FWFROYTNYaFh0OVRBcjI3R056Mkdad3ZtU3ExbGZnUVNoQzJRbmxaZnNUNnI0elVJc1IyRTZWR3JpWTRaekJ4bGk3SzV5a2UyNkFITDhN
Cookie: PREF=tz=Etc.GMT
Cookie: SAPISID=-UCf92eYQAierc5Q/A_7mz3_OGUM-V1pbm
Cookie: SID=6gczfed187rTUq0pH2BimP7oToSmEGxN8cSJXbczu8H8E9ttPV7lx40HJhG_agVDL3cCFA.
Cookie: SIDCC=AJi4QfFXkJdMOLTbyCu4NWVWOabnDBrUKG6XSkHd7N6d83y5ZwwbPrrNbXIcXC_D3jlSvqds
Cookie: SSID=ATInxqAyh4fwOfXTE
Cookie: VISITOR_INFO1_LIVE=tAMKJLrhh40
Cookie: YSC=wQWLl2VHYxg
Cookie: __Secure-3PAPISID=-UCf92eYQAierc5Q/A_7mz3_OGUM-V1pbm
Cookie: __Secure-3PSID=6gczfed187rTUq0pH2BimP7oToSmEGxN8cSJXbczu8H8E9ttt6xHbU3KL-HFayWBaX5duQ.
Cookie: __Secure-3PSIDCC=AJi4QfGKDh7QLH2SZw7s7jS54TT9do5uYsiF4_PWlTYayhfDwSpZ3fut6k81PCjwpgFeJ0n3
Cookie: hideBrowserUpgradeBox=true
Cookie: ACCOUNT_CHOOSER=AFx_qI62v3MHnUKZp4Y6hZ9VTiWqhnN-ezgZK7QoOZGVY4jar2V5XzRZMZVZDBYmJAHf1eKrca3SBd_iEBtpCyOi0JoFgdD0BOOVRQPLZex7VFWgliNqdLOLJmqxMKAXEmXn2CC72hvzpw7Tqixl6JekqEEbkBAs8g
Cookie: LSID=s.ES|s.youtube:6gczfQSu8h931H7f8KyoHW_WR5T1bjcjzqIJ3q79LbpkeA8E5ROXhaMK_6TG9TDJ9xMk_A.
Cookie: __Host-3PLSID=s.ES|s.youtube:6gczfQSu8h931H7f8KyoHW_WR5T1bjcjzqIJ3q79LbpkeA8EXt8J7WZdmc3QPlBrGzkkJA.
Cookie: __Host-GAPS=1:lJ4tJg0iQQS8y7eYJc6xgqnu9NdTyI8aLD1E8B6pyALuQZX1pw4x0z-ZkVAIPDmmer2RWZdaVPY589IqH68XGipHBP8uEw:lNi_awGl9QqmGnwB
Cookie: CheckConnectionTempCookie528=906436
2021-02-14 19:34:21 [scrapy.extensions.logstats] INFO: Crawled 1 pages (at 1 pages/min), scraped 0 items (at 0 items/min)
2021-02-14 19:34:55 [scrapy_splash.middleware] DEBUG: Received cookies from: <200 https://www.youtube.com/watch?v=3xlExHPyqM0>
Set-Cookie: APISID=x_KXb8mrxFg9M3kU/AGuOy1C8HEjXG13SS
Set-Cookie: HSID=A0ZBoYdWtJVTuWtFa
Set-Cookie: NID=209=tAj0bi0hTKPBP2OpccM9lBlSQfcciEkLQqqboSXcsWBP4JhvEMRdCtXwXscFxyKuomQMHRtHru9Klu5xqkcupC-ZICt1pzuuwXrXzzmZ2jStWHUb3B7yeEYwAYBEaFMbj_HlWPEItrrjB8AlRCGCvoA2uHqcZaFvwiPata1qhTY
Set-Cookie: SAPISID=-UCf92eYQAierc5Q/A_7mz3_OGUM-V1pbm
Set-Cookie: SID=6gczfed187rTUq0pH2BimP7oToSmEGxN8cSJXbczu8H8E9ttPV7lx40HJhG_agVDL3cCFA.
Set-Cookie: SSID=AKE3OXNwIWt79XIh2
Set-Cookie: __Secure-3PAPISID=-UCf92eYQAierc5Q/A_7mz3_OGUM-V1pbm
Set-Cookie: __Secure-3PSID=6gczfed187rTUq0pH2BimP7oToSmEGxN8cSJXbczu8H8E9ttt6xHbU3KL-HFayWBaX5duQ.
Set-Cookie: APISID=x_KXb8mrxFg9M3kU/AGuOy1C8HEjXG13SS
Set-Cookie: HSID=ApxBPnTGxCHAAcVei
Set-Cookie: NID=209=vJXxEHbuCXgbrPCpRM_s4w4JUx22lLNkbw8SiBu0-RPExsyFWxo4MAhXLOxUHvZMMnlt4uanIEocQHAvEgYFSSaJEBIcntxPEJmtnBK5U0RuP2lH2TydtFWrXhxW12PEehM18GnbHC_oIHUij5nxbswODqOAJY9rTiEKSgBAy-s
Set-Cookie: SAPISID=-UCf92eYQAierc5Q/A_7mz3_OGUM-V1pbm
Set-Cookie: SID=6gczfed187rTUq0pH2BimP7oToSmEGxN8cSJXbczu8H8E9ttPV7lx40HJhG_agVDL3cCFA.
Set-Cookie: SSID=ATInxqAyh4fwOfXTE
Set-Cookie: __Secure-3PAPISID=-UCf92eYQAierc5Q/A_7mz3_OGUM-V1pbm
Set-Cookie: __Secure-3PSID=6gczfed187rTUq0pH2BimP7oToSmEGxN8cSJXbczu8H8E9ttt6xHbU3KL-HFayWBaX5duQ.
Set-Cookie: APISID=x_KXb8mrxFg9M3kU/AGuOy1C8HEjXG13SS
Set-Cookie: CONSENT=PENDING+673
Set-Cookie: GPS=1
Set-Cookie: HSID=ApxBPnTGxCHAAcVei
Set-Cookie: LOGIN_INFO=AFmmF2swRAIgUhFNBsZcWtPfKjgArDIrjTgTFwy55i1Urhia3Xd6e_wCIHmeMQ7KUL6FXgD95IclS5xWL940JXG8-VcFNLyN9oVZ:QUQ3MjNmenI2RGtMcF93R2xpUkF0WUUydkZxX0lieUVYNkpuTWpDMy1iQVlYY2toaTZuUVRpS2JTRG0taEFKd2lfbW04SE40ejVzVHdmQjVOMDNBTnY0amdlQkhleG90TE0zUjdOYW1FWFROYTNYaFh0OVRBcjI3R056Mkdad3ZtU3ExbGZnUVNoQzJRbmxaZnNUNnI0elVJc1IyRTZWR3JpWTRaekJ4bGk3SzV5a2UyNkFITDhN
Set-Cookie: SAPISID=-UCf92eYQAierc5Q/A_7mz3_OGUM-V1pbm
Set-Cookie: SID=6gczfed187rTUq0pH2BimP7oToSmEGxN8cSJXbczu8H8E9ttPV7lx40HJhG_agVDL3cCFA.
Set-Cookie: SSID=ATInxqAyh4fwOfXTE
Set-Cookie: VISITOR_INFO1_LIVE=tAMKJLrhh40
Set-Cookie: YSC=wQWLl2VHYxg
Set-Cookie: __Secure-3PAPISID=-UCf92eYQAierc5Q/A_7mz3_OGUM-V1pbm
Set-Cookie: __Secure-3PSID=6gczfed187rTUq0pH2BimP7oToSmEGxN8cSJXbczu8H8E9ttt6xHbU3KL-HFayWBaX5duQ.
Set-Cookie: hideBrowserUpgradeBox=true
Set-Cookie: ACCOUNT_CHOOSER=AFx_qI62v3MHnUKZp4Y6hZ9VTiWqhnN-ezgZK7QoOZGVY4jar2V5XzRZMZVZDBYmJAHf1eKrca3SBd_iEBtpCyOi0JoFgdD0BOOVRQPLZex7VFWgliNqdLOLJmqxMKAXEmXn2CC72hvzpw7Tqixl6JekqEEbkBAs8g
Set-Cookie: LSID=s.ES|s.youtube:6gczfQSu8h931H7f8KyoHW_WR5T1bjcjzqIJ3q79LbpkeA8E5ROXhaMK_6TG9TDJ9xMk_A.
Set-Cookie: __Host-3PLSID=s.ES|s.youtube:6gczfQSu8h931H7f8KyoHW_WR5T1bjcjzqIJ3q79LbpkeA8EXt8J7WZdmc3QPlBrGzkkJA.
Set-Cookie: __Host-GAPS=1:lJ4tJg0iQQS8y7eYJc6xgqnu9NdTyI8aLD1E8B6pyALuQZX1pw4x0z-ZkVAIPDmmer2RWZdaVPY589IqH68XGipHBP8uEw:lNi_awGl9QqmGnwB
Set-Cookie: CheckConnectionTempCookie528=906436
Set-Cookie: IDE=AHWqTUlE32yuqMDCPgZCbG43LvQz0M7Eo_DyUOTWYY4eNB2GnpqgpSeXA_5fslTm
Set-Cookie: PREF=tz=Etc.GMT&f5=30000
Set-Cookie: SIDCC=AJi4QfF1VQDqNxgs9Nzpo-qQpsWjO_E4AuLABKz59lfg3wgvK_2tYyx1FkDZwgYI3aIYosbH0g
Set-Cookie: __Secure-3PSIDCC=AJi4QfHwGeNKmcpfdmBI7_P9JiHLfhXkMOlTYe7WRze9vwIoVKUgp1J8bQURPokDjiiZIuTYVQ
Set-Cookie: SIDCC=AJi4QfFwfCaRvwVXq8QvbK0VEyVRHFa3LoswzLVWL5J0TKQmIi4DDUZiOEVKKtzYo8onX6AZ
Set-Cookie: __Secure-3PSIDCC=AJi4QfHWEsVrTEjNsTUkIO82R5skrVJ-q7zbMHwImxTRgZNQKC9od4YbfWWBq7Ci9q93s7T_
2021-02-14 19:34:55 [ytc.middlewares] DEBUG: Request Cookie not present
2021-02-14 19:34:55 [scrapy.core.engine] DEBUG: Crawled (200) <GET https://www.youtube.com/watch?v=3xlExHPyqM0 via http://splash:8050/execute> (referer: None)
2021-02-14 19:34:56 [scrapy.core.scraper] DEBUG: Scraped from <200 https://www.youtube.com/watch?v=3xlExHPyqM0>
{'rec_channel': 'C. Tangana',
 'rec_url': '/watch?v=h0Tb9VtVzVE',
 'rec_views': '27\xa0M de visualizaciones',
 'title': 'C. Tangana, Niño de Elche - Un Veneno (Video Oficial)',
 'url': 'https://www.youtube.com/watch?v=3xlExHPyqM0'}
2021-02-14 19:34:56 [scrapy.core.scraper] DEBUG: Scraped from <200 https://www.youtube.com/watch?v=3xlExHPyqM0>
{'rec_channel': 'La Resistencia en Movistar+',
 'rec_url': '/watch?v=9NH0wFr_YEk',
 'rec_views': '2\xa0M de visualizaciones',
 'title': 'LA RESISTENCIA - Entrevista a C. Tangana | Parte 1 | #LaResistencia '
          '09.11.2020',
 'url': 'https://www.youtube.com/watch?v=3xlExHPyqM0'}
2021-02-14 19:34:56 [scrapy.core.scraper] DEBUG: Scraped from <200 https://www.youtube.com/watch?v=3xlExHPyqM0>
{'rec_channel': 'C. Tangana',
 'rec_url': '/watch?v=ltmO9XQVdSg',
 'rec_views': '83\xa0M de visualizaciones',
 'title': 'C. Tangana, Niño de Elche, La Hungara - Tú Me Dejaste De Querer',
 'url': 'https://www.youtube.com/watch?v=3xlExHPyqM0'}
2021-02-14 19:34:56 [scrapy.core.scraper] DEBUG: Scraped from <200 https://www.youtube.com/watch?v=3xlExHPyqM0>
{'rec_channel': 'HARD GZ',
 'rec_url': '/watch?v=I96S7SxeVV0',
 'rec_views': '2,6\xa0M de visualizaciones',
 'title': 'HARD GZ & NIKONE - LO REAL (PROD.DUALY)',
 'url': 'https://www.youtube.com/watch?v=3xlExHPyqM0'}
2021-02-14 19:34:56 [scrapy.core.scraper] DEBUG: Scraped from <200 https://www.youtube.com/watch?v=3xlExHPyqM0>
{'rec_channel': 'Ibai',
 'rec_url': '/watch?v=X4QeAXsWTO0',
 'rec_views': '2,2\xa0M de visualizaciones',
 'title': 'C.TANGANA VIENE A CASA Y ANALIZAMOS SU NUEVO TEMA "TÚ ME DEJASTE DE '
          'QUERER"',
 'url': 'https://www.youtube.com/watch?v=3xlExHPyqM0'}
2021-02-14 19:34:56 [scrapy.core.scraper] DEBUG: Scraped from <200 https://www.youtube.com/watch?v=3xlExHPyqM0>
{'rec_channel': 'Dalas Review',
 'rec_url': '/watch?v=bgjW7tKh6P8',
 'rec_views': '924.716 visualizaciones',
 'title': 'WillyRex me DEFIENDE y DESTRUYE a Wismichu. Se alegra de que esté '
          'CON ANTECEDENTES y CONDENADO 👍',
 'url': 'https://www.youtube.com/watch?v=3xlExHPyqM0'}
2021-02-14 19:34:56 [scrapy.core.scraper] DEBUG: Scraped from <200 https://www.youtube.com/watch?v=3xlExHPyqM0>
{'rec_channel': 'Nathy Peluso',
 'rec_url': '/watch?v=XfFvBp5ocHo',
 'rec_views': '10\xa0M de visualizaciones',
 'title': 'Nathy Peluso - DELITO',
 'url': 'https://www.youtube.com/watch?v=3xlExHPyqM0'}
2021-02-14 19:34:56 [scrapy.core.scraper] DEBUG: Scraped from <200 https://www.youtube.com/watch?v=3xlExHPyqM0>
{'rec_channel': 'AYAX Y PROK',
 'rec_url': '/watch?v=6w3c6cigdqo',
 'rec_views': '1,1\xa0M de visualizaciones',
 'title': 'PROK - YO LA QUIERO MAMÁ (PROD DELEX) VIDEOCLIP #LECRIDELARUE🗣',
 'url': 'https://www.youtube.com/watch?v=3xlExHPyqM0'}
2021-02-14 19:34:56 [scrapy.core.scraper] DEBUG: Scraped from <200 https://www.youtube.com/watch?v=3xlExHPyqM0>
{'rec_channel': 'C. Tangana',
 'rec_url': '/watch?v=ZlFri4ez_lE',
 'rec_views': '19\xa0M de visualizaciones',
 'title': 'C. Tangana - Demasiadas Mujeres',
 'url': 'https://www.youtube.com/watch?v=3xlExHPyqM0'}
2021-02-14 19:34:56 [scrapy.core.scraper] DEBUG: Scraped from <200 https://www.youtube.com/watch?v=3xlExHPyqM0>
{'rec_channel': 'La Resistencia en Movistar+',
 'rec_url': '/watch?v=mwRSI1kS6So',
 'rec_views': '6,7\xa0M de visualizaciones',
 'title': 'LA RESISTENCIA - Entrevista a Ayax y Prok | #LaResistencia '
          '28.05.2018',
 'url': 'https://www.youtube.com/watch?v=3xlExHPyqM0'}
2021-02-14 19:34:56 [scrapy.core.scraper] DEBUG: Scraped from <200 https://www.youtube.com/watch?v=3xlExHPyqM0>
{'rec_channel': 'Mr. RE',
 'rec_url': '/watch?v=L3xE5KCZ8Ts',
 'rec_views': '5,1\xa0M de visualizaciones',
 'title': '10 Canciones SAD De Bad Bunny',
 'url': 'https://www.youtube.com/watch?v=3xlExHPyqM0'}
2021-02-14 19:34:56 [scrapy.core.scraper] DEBUG: Scraped from <200 https://www.youtube.com/watch?v=3xlExHPyqM0>
{'rec_channel': 'AgzTv',
 'rec_url': '/watch?v=RxKVWs_qYBk',
 'rec_views': '87\xa0M de visualizaciones',
 'title': 'C. Tangana - Antes de morirme feat. Rosalía (Video Oficial)',
 'url': 'https://www.youtube.com/watch?v=3xlExHPyqM0'}
2021-02-14 19:34:56 [scrapy.core.scraper] DEBUG: Scraped from <200 https://www.youtube.com/watch?v=3xlExHPyqM0>
{'rec_channel': 'La Resistencia en Movistar+',
 'rec_url': '/watch?v=GKgDTSLiONA',
 'rec_views': '1,1\xa0M de visualizaciones',
 'title': 'LA RESISTENCIA - Entrevista a persona anónima | #LaResistencia '
          '08.02.2021',
 'url': 'https://www.youtube.com/watch?v=3xlExHPyqM0'}
2021-02-14 19:34:56 [scrapy.core.scraper] DEBUG: Scraped from <200 https://www.youtube.com/watch?v=3xlExHPyqM0>
{'rec_channel': 'PuchoxDellaVEVO',
 'rec_url': '/watch?v=zceHYnOj8V4',
 'rec_views': '32\xa0M de visualizaciones',
 'title': 'DELLAFUENTE, C. Tangana - Guerrera (Video Oficial)',
 'url': 'https://www.youtube.com/watch?v=3xlExHPyqM0'}
2021-02-14 19:34:56 [scrapy.core.scraper] DEBUG: Scraped from <200 https://www.youtube.com/watch?v=3xlExHPyqM0>
{'rec_channel': 'Alizzz',
 'rec_url': '/watch?v=sEjplW7a6jA',
 'rec_views': '2\xa0M de visualizaciones',
 'title': 'Alizzz, Amaia - El encuentro (Videoclip oficial)',
 'url': 'https://www.youtube.com/watch?v=3xlExHPyqM0'}
2021-02-14 19:34:56 [scrapy.core.scraper] DEBUG: Scraped from <200 https://www.youtube.com/watch?v=3xlExHPyqM0>
{'rec_channel': 'Dalas Review',
 'rec_url': '/watch?v=1ZbqcjWjg_Y&t=842s',
 'rec_views': '1,3\xa0M de visualizaciones',
 'title': 'Wismichu: CONDENADO y con Antecedentes Penales (no puede irse a '
          'Andorra y casi ENTRE REJAS)',
 'url': 'https://www.youtube.com/watch?v=3xlExHPyqM0'}
2021-02-14 19:34:56 [scrapy.core.scraper] DEBUG: Scraped from <200 https://www.youtube.com/watch?v=3xlExHPyqM0>
{'rec_channel': 'C. Tangana',
 'rec_url': '/watch?v=2BlYXAlRF7I',
 'rec_views': '7,1\xa0M de visualizaciones',
 'title': 'C. Tangana - Yelo (Video Oficial)',
 'url': 'https://www.youtube.com/watch?v=3xlExHPyqM0'}
2021-02-14 19:34:56 [scrapy.core.scraper] ERROR: Spider error processing <GET https://www.youtube.com/watch?v=3xlExHPyqM0 via http://splash:8050/execute> (referer: None)
Traceback (most recent call last):
  File "/usr/local/lib/python3.9/site-packages/scrapy/utils/defer.py", line 120, in iter_errback
    yield next(it)
  File "/usr/local/lib/python3.9/site-packages/scrapy/utils/python.py", line 353, in __next__
    return next(self.data)
  File "/usr/local/lib/python3.9/site-packages/scrapy/utils/python.py", line 353, in __next__
    return next(self.data)
  File "/usr/local/lib/python3.9/site-packages/scrapy/core/spidermw.py", line 62, in _evaluate_iterable
    for r in iterable:
  File "/usr/local/lib/python3.9/site-packages/scrapy_splash/middleware.py", line 156, in process_spider_output
    for el in result:
  File "/usr/local/lib/python3.9/site-packages/scrapy/core/spidermw.py", line 62, in _evaluate_iterable
    for r in iterable:
  File "/usr/local/lib/python3.9/site-packages/scrapy/spidermiddlewares/offsite.py", line 29, in process_spider_output
    for x in result:
  File "/usr/local/lib/python3.9/site-packages/scrapy/core/spidermw.py", line 62, in _evaluate_iterable
    for r in iterable:
  File "/usr/local/lib/python3.9/site-packages/scrapy/spidermiddlewares/referer.py", line 340, in <genexpr>
    return (_set_referer(r) for r in result or ())
  File "/usr/local/lib/python3.9/site-packages/scrapy/core/spidermw.py", line 62, in _evaluate_iterable
    for r in iterable:
  File "/usr/local/lib/python3.9/site-packages/scrapy/spidermiddlewares/urllength.py", line 37, in <genexpr>
    return (r for r in result or () if _filter(r))
  File "/usr/local/lib/python3.9/site-packages/scrapy/core/spidermw.py", line 62, in _evaluate_iterable
    for r in iterable:
  File "/usr/local/lib/python3.9/site-packages/scrapy/spidermiddlewares/depth.py", line 58, in <genexpr>
    return (r for r in result or () if _filter(r))
  File "/usr/local/lib/python3.9/site-packages/scrapy/core/spidermw.py", line 62, in _evaluate_iterable
    for r in iterable:
  File "/tmp/ytc-1613331076-k9r_vdwh.egg/ytc/spiders/ytspider.py", line 164, in parse
    item['comments'] = sel.xpath("//ytd-comments-renderers-header//h2/yt-formatted-string/text()").get()
  File "/usr/local/lib/python3.9/site-packages/scrapy/item.py", line 99, in __setitem__
    raise KeyError(f"{self.__class__.__name__} does not support field: {key}")
KeyError: 'YtcItem does not support field: comments'
2021-02-14 19:34:56 [scrapy.core.engine] INFO: Closing spider (finished)
2021-02-14 19:34:56 [scrapy.extensions.feedexport] INFO: Stored jsonlines feed (17 items) in: file:///var/lib/scrapyd/items/ytc/ytspider/7caf1bca6efb11ebb5450242ac120003.jl
2021-02-14 19:34:56 [scrapy.statscollectors] INFO: Dumping Scrapy stats:
{'downloader/request_bytes': 16630,
 'downloader/request_count': 2,
 'downloader/request_method_count/POST': 2,
 'downloader/response_bytes': 5672951,
 'downloader/response_count': 2,
 'downloader/response_status_count/200': 2,
 'elapsed_time_seconds': 94.526724,
 'finish_reason': 'finished',
 'finish_time': datetime.datetime(2021, 2, 14, 19, 34, 56, 195107),
 'item_scraped_count': 17,
 'log_count/DEBUG': 24,
 'log_count/ERROR': 1,
 'log_count/INFO': 12,
 'log_count/WARNING': 3,
 'memusage/max': 71962624,
 'memusage/startup': 58138624,
 'request_depth_max': 1,
 'response_received_count': 2,
 'scheduler/dequeued': 4,
 'scheduler/dequeued/memory': 4,
 'scheduler/enqueued': 4,
 'scheduler/enqueued/memory': 4,
 'spider_exceptions/KeyError': 1,
 'splash/execute/request_count': 2,
 'splash/execute/response_count/200': 2,
 'start_time': datetime.datetime(2021, 2, 14, 19, 33, 21, 668383)}
2021-02-14 19:34:56 [scrapy.core.engine] INFO: Spider closed (finished)
