2021-02-14 19:47:36 [scrapy.utils.log] INFO: Scrapy 2.4.1 started (bot: ytc)
2021-02-14 19:47:36 [scrapy.utils.log] INFO: Versions: lxml 4.6.2.0, libxml2 2.9.10, cssselect 1.1.0, parsel 1.6.0, w3lib 1.22.0, Twisted 18.9.0, Python 3.9.1 (default, Dec 11 2020, 14:29:41) - [GCC 9.3.0], pyOpenSSL 20.0.1 (OpenSSL 1.1.1i  8 Dec 2020), cryptography 3.3.1, Platform Linux-5.4.0-62-generic-x86_64-with
2021-02-14 19:47:36 [scrapy.utils.log] DEBUG: Using reactor: twisted.internet.epollreactor.EPollReactor
2021-02-14 19:47:36 [scrapy.crawler] INFO: Overridden settings:
{'BOT_NAME': 'ytc',
 'DUPEFILTER_CLASS': 'scrapy_splash.SplashAwareDupeFilter',
 'HTTPCACHE_STORAGE': 'scrapy_splash.SplashAwareFSCacheStorage',
 'LOG_FILE': '/var/lib/scrapyd/logs/ytc/ytspider/7cc8e6d46efd11ebb5450242ac120003.log',
 'NEWSPIDER_MODULE': 'ytc.spiders',
 'SPIDER_MODULES': ['ytc.spiders'],
 'USER_AGENT': 'ytc (+http://www.yourdomain.com)'}
2021-02-14 19:47:37 [scrapy.extensions.telnet] INFO: Telnet Password: d28fb44976a592bc
2021-02-14 19:47:37 [py.warnings] WARNING: /usr/local/lib/python3.9/site-packages/scrapy/extensions/feedexport.py:247: ScrapyDeprecationWarning: The `FEED_URI` and `FEED_FORMAT` settings have been deprecated in favor of the `FEEDS` setting. Please see the `FEEDS` setting docs for more details
  exporter = cls(crawler)

2021-02-14 19:47:37 [scrapy.middleware] INFO: Enabled extensions:
['scrapy.extensions.corestats.CoreStats',
 'scrapy.extensions.telnet.TelnetConsole',
 'scrapy.extensions.memusage.MemoryUsage',
 'scrapy.extensions.feedexport.FeedExporter',
 'scrapy.extensions.logstats.LogStats']
2021-02-14 19:47:37 [scrapy.middleware] INFO: Enabled downloader middlewares:
['scrapy.downloadermiddlewares.httpauth.HttpAuthMiddleware',
 'scrapy.downloadermiddlewares.downloadtimeout.DownloadTimeoutMiddleware',
 'scrapy.downloadermiddlewares.defaultheaders.DefaultHeadersMiddleware',
 'scrapy.downloadermiddlewares.useragent.UserAgentMiddleware',
 'scrapy.downloadermiddlewares.retry.RetryMiddleware',
 'scrapy.downloadermiddlewares.redirect.MetaRefreshMiddleware',
 'scrapy.downloadermiddlewares.redirect.RedirectMiddleware',
 'scrapy.downloadermiddlewares.cookies.CookiesMiddleware',
 'ytc.middlewares.YtcCookiesMiddleware',
 'scrapy_splash.SplashMiddleware',
 'scrapy.downloadermiddlewares.httpproxy.HttpProxyMiddleware',
 'scrapy.downloadermiddlewares.httpcompression.HttpCompressionMiddleware',
 'scrapy.downloadermiddlewares.stats.DownloaderStats']
2021-02-14 19:47:37 [scrapy.middleware] INFO: Enabled spider middlewares:
['scrapy.spidermiddlewares.httperror.HttpErrorMiddleware',
 'scrapy_splash.SplashDeduplicateArgsMiddleware',
 'scrapy.spidermiddlewares.offsite.OffsiteMiddleware',
 'scrapy.spidermiddlewares.referer.RefererMiddleware',
 'scrapy.spidermiddlewares.urllength.UrlLengthMiddleware',
 'scrapy.spidermiddlewares.depth.DepthMiddleware']
2021-02-14 19:47:37 [py.warnings] WARNING: /usr/local/lib/python3.9/site-packages/scrapy/utils/project.py:90: ScrapyDeprecationWarning: Use of environment variables prefixed with SCRAPY_ to override settings is deprecated. The following environment variables are currently defined: FEED_URI, JOB, LOG_FILE, SLOT, SPIDER
  warnings.warn(

2021-02-14 19:47:37 [scrapy.middleware] INFO: Enabled item pipelines:
['ytc.pipelines.MongoDBPipeline']
2021-02-14 19:47:37 [scrapy.core.engine] INFO: Spider opened
2021-02-14 19:47:37 [scrapy.extensions.logstats] INFO: Crawled 0 pages (at 0 pages/min), scraped 0 items (at 0 items/min)
2021-02-14 19:47:37 [scrapy.extensions.telnet] INFO: Telnet console listening on 127.0.0.1:6023
2021-02-14 19:47:37 [py.warnings] WARNING: /usr/local/lib/python3.9/site-packages/scrapy_splash/request.py:41: ScrapyDeprecationWarning: Call to deprecated function to_native_str. Use to_unicode instead.
  url = to_native_str(url)

2021-02-14 19:48:17 [scrapy_splash.middleware] DEBUG: Received cookies from: <200 https://www.youtube.com>
Set-Cookie: CONSENT=PENDING+128
Set-Cookie: hideBrowserUpgradeBox=true
Set-Cookie: YSC=hRVjWKbqfLI
Set-Cookie: VISITOR_INFO1_LIVE=f0hL7fj5dxI
Set-Cookie: GPS=1
Set-Cookie: CheckConnectionTempCookie572=852960
Set-Cookie: SID=6gczfX0g2iN9zp4Kha-Zvb9eKJgPPYB00rimtkr-nCw1dpA863z02voYHhZ12N5-zN3LkA.
Set-Cookie: __Secure-3PSID=6gczfX0g2iN9zp4Kha-Zvb9eKJgPPYB00rimtkr-nCw1dpA8-qN5MYzTiOvW7qgWEKH1yQ.
Set-Cookie: HSID=AwO_th2ylfsrWTpHk
Set-Cookie: SSID=AMVevt4KgOKxpUojV
Set-Cookie: APISID=Y5nkF5o4fdunitdo/AO0zAHfAvXP2B9W7W
Set-Cookie: SAPISID=NpFL7Oe_xy_1sdWY/A-o00TFAQs0vq6NqH
Set-Cookie: __Secure-3PAPISID=NpFL7Oe_xy_1sdWY/A-o00TFAQs0vq6NqH
Set-Cookie: NID=209=mV8c03uxy3nZ1rQRMM4geRwBL9LKgm7XF8SRqVOHC1u4VpyBbohW0ymU_rhF2Q_QqWaGawDJumjZgIYV93wxkbyFfUYKn3JfRySRywJp04wB9n8CL5zM9xQtbQfSJwzHZJdn4XM0HKch3RNXHpDRZQ7rklSsSjog6zY5Cr1vVTg
Set-Cookie: __Host-GAPS=1:Xr1YzDZah3Fsimoemto8NsdARIMlARWDMhwETP79597p6zJv7wbVhfJkO8EZ6tp9pfq8G7OluDwtikogKZbHl8CwwFn5Wg:Wwe8BWLLxo79TqOl
Set-Cookie: LSID=s.ES|s.youtube:6gczfXmq6j8FNvGsiONcsTl4juOR1Ppc4zeUcLTXh7SjmpZi9EYbt4UuIwy06DcM12JnnA.
Set-Cookie: __Host-3PLSID=s.ES|s.youtube:6gczfXmq6j8FNvGsiONcsTl4juOR1Ppc4zeUcLTXh7SjmpZiARZ_taoNDed1Ba5XOAlCDQ.
Set-Cookie: ACCOUNT_CHOOSER=AFx_qI5B1P-Dx4sc4h5P2dZtjAhLTDIRsMLeG-Hpcbng_ZU9QW-wa6QVjQDtfSpD5RAxCm-MiTn8aSTf-DohiFH-YyU7k5dB7WYmqTY9oNDAkf0LCyZFoHN5y3HRMj_qWczKSe1ZPZftaMI1wCovYOYMsiPKvOjNVA
Set-Cookie: SID=6gczfX0g2iN9zp4Kha-Zvb9eKJgPPYB00rimtkr-nCw1dpA863z02voYHhZ12N5-zN3LkA.
Set-Cookie: __Secure-3PSID=6gczfX0g2iN9zp4Kha-Zvb9eKJgPPYB00rimtkr-nCw1dpA8-qN5MYzTiOvW7qgWEKH1yQ.
Set-Cookie: HSID=AQidvIOXx8fLy0Edc
Set-Cookie: SSID=Aqz4GEW7waVVSsXbm
Set-Cookie: APISID=Y5nkF5o4fdunitdo/AO0zAHfAvXP2B9W7W
Set-Cookie: SAPISID=NpFL7Oe_xy_1sdWY/A-o00TFAQs0vq6NqH
Set-Cookie: __Secure-3PAPISID=NpFL7Oe_xy_1sdWY/A-o00TFAQs0vq6NqH
Set-Cookie: SID=6gczfX0g2iN9zp4Kha-Zvb9eKJgPPYB00rimtkr-nCw1dpA863z02voYHhZ12N5-zN3LkA.
Set-Cookie: __Secure-3PSID=6gczfX0g2iN9zp4Kha-Zvb9eKJgPPYB00rimtkr-nCw1dpA8-qN5MYzTiOvW7qgWEKH1yQ.
Set-Cookie: HSID=AQidvIOXx8fLy0Edc
Set-Cookie: SSID=Aqz4GEW7waVVSsXbm
Set-Cookie: APISID=Y5nkF5o4fdunitdo/AO0zAHfAvXP2B9W7W
Set-Cookie: SAPISID=NpFL7Oe_xy_1sdWY/A-o00TFAQs0vq6NqH
Set-Cookie: __Secure-3PAPISID=NpFL7Oe_xy_1sdWY/A-o00TFAQs0vq6NqH
Set-Cookie: NID=209=Xj9Kg3zby9lkgB6nXBm9Fl-pB1D1hm1Dv-4JgfycAIlVy5tln3HU-YEJ1yxRgKuUYupQrL7ROUyNUxts74AWetBgo5kN8zdCFfyBOO1IwAPhyLI72-dCXhnEvX3DoY2rA2RBQIp_dvDjoT4L8Jf3fZkHixmlkAmHFy_i8-JwsZM
Set-Cookie: LOGIN_INFO=AFmmF2swRAIgHgAW1IqP-3OL-3dpv1W-CBoW-PDSiXNVQ7nFqU_YmBsCIChS5gmjvLklSTUglErDFqWne6reCelp8XiFa0nHJQ3p:QUQ3MjNmeUZFUUdreEZiNFgzQnpnYTBuTU15OHo4UmtWY0NSWXotcGppZVVpWEVGSjJiZWp5cjdfNkpXYjF2RURpOE9yTk1xRFhTM0JUYjF2eGM4YTdfaFhwUFlMUWtvME1wMHJjSThwbFZRVzhsVGRhVnl2elVmelBsTkw3aTJFYTBONFhTb1ZUdGd2NDFLSXlFR1M2TFZRcUFrT09zNERBR2JVaUVzdTZnY0xibHNTa3JNak1F
Set-Cookie: PREF=tz=Etc.GMT
Set-Cookie: IDE=AHWqTUk6YVLvGZ8VfeLsQGASz1uiJb1OQM55Rp1Ncga2fmmb_Vcr1F4BfOM02fu9
Set-Cookie: SIDCC=AJi4QfE9q5P1F7K0CL0Q9MkBuKVA5G6CkblpwzH4ZZe3KOd7JvJ56u5kYarxRTG9GQ5K7vEc
Set-Cookie: __Secure-3PSIDCC=AJi4QfEzWUjnUnGLKyRINIaLlllCJV-QXB0LxZOAsOz8hg0t8p-7Zz0eq21aLpsx0E5zkfaM2A
Set-Cookie: SIDCC=AJi4QfE8-WkgqAOjiaOdsg8whl3QKfqKBd8kvvmhUCIKp9rOpIu1H6TFfEobcGnhMtYczNxGVA
Set-Cookie: __Secure-3PSIDCC=AJi4QfH8sVXvPDJWl_TqApnz-q2EbwMHiUB1SdqBjIrA309qVhMV4MJVJFGEAEcuJYNjGPcR
2021-02-14 19:48:17 [ytc.middlewares] DEBUG: Request Cookie not present
2021-02-14 19:48:17 [scrapy.core.engine] DEBUG: Crawled (200) <GET https://www.youtube.com via http://splash:8050/execute> (referer: None)
2021-02-14 19:48:18 [scrapy_splash.middleware] DEBUG: Sending cookies to: <GET https://www.youtube.com/watch?v=3xlExHPyqM0>
Cookie: IDE=AHWqTUk6YVLvGZ8VfeLsQGASz1uiJb1OQM55Rp1Ncga2fmmb_Vcr1F4BfOM02fu9
Cookie: APISID=Y5nkF5o4fdunitdo/AO0zAHfAvXP2B9W7W
Cookie: HSID=AwO_th2ylfsrWTpHk
Cookie: NID=209=mV8c03uxy3nZ1rQRMM4geRwBL9LKgm7XF8SRqVOHC1u4VpyBbohW0ymU_rhF2Q_QqWaGawDJumjZgIYV93wxkbyFfUYKn3JfRySRywJp04wB9n8CL5zM9xQtbQfSJwzHZJdn4XM0HKch3RNXHpDRZQ7rklSsSjog6zY5Cr1vVTg
Cookie: SAPISID=NpFL7Oe_xy_1sdWY/A-o00TFAQs0vq6NqH
Cookie: SID=6gczfX0g2iN9zp4Kha-Zvb9eKJgPPYB00rimtkr-nCw1dpA863z02voYHhZ12N5-zN3LkA.
Cookie: SIDCC=AJi4QfE9q5P1F7K0CL0Q9MkBuKVA5G6CkblpwzH4ZZe3KOd7JvJ56u5kYarxRTG9GQ5K7vEc
Cookie: SSID=AMVevt4KgOKxpUojV
Cookie: __Secure-3PAPISID=NpFL7Oe_xy_1sdWY/A-o00TFAQs0vq6NqH
Cookie: __Secure-3PSID=6gczfX0g2iN9zp4Kha-Zvb9eKJgPPYB00rimtkr-nCw1dpA8-qN5MYzTiOvW7qgWEKH1yQ.
Cookie: __Secure-3PSIDCC=AJi4QfEzWUjnUnGLKyRINIaLlllCJV-QXB0LxZOAsOz8hg0t8p-7Zz0eq21aLpsx0E5zkfaM2A
Cookie: APISID=Y5nkF5o4fdunitdo/AO0zAHfAvXP2B9W7W
Cookie: HSID=AQidvIOXx8fLy0Edc
Cookie: NID=209=Xj9Kg3zby9lkgB6nXBm9Fl-pB1D1hm1Dv-4JgfycAIlVy5tln3HU-YEJ1yxRgKuUYupQrL7ROUyNUxts74AWetBgo5kN8zdCFfyBOO1IwAPhyLI72-dCXhnEvX3DoY2rA2RBQIp_dvDjoT4L8Jf3fZkHixmlkAmHFy_i8-JwsZM
Cookie: SAPISID=NpFL7Oe_xy_1sdWY/A-o00TFAQs0vq6NqH
Cookie: SID=6gczfX0g2iN9zp4Kha-Zvb9eKJgPPYB00rimtkr-nCw1dpA863z02voYHhZ12N5-zN3LkA.
Cookie: SSID=Aqz4GEW7waVVSsXbm
Cookie: __Secure-3PAPISID=NpFL7Oe_xy_1sdWY/A-o00TFAQs0vq6NqH
Cookie: __Secure-3PSID=6gczfX0g2iN9zp4Kha-Zvb9eKJgPPYB00rimtkr-nCw1dpA8-qN5MYzTiOvW7qgWEKH1yQ.
Cookie: APISID=Y5nkF5o4fdunitdo/AO0zAHfAvXP2B9W7W
Cookie: CONSENT=PENDING+128
Cookie: GPS=1
Cookie: HSID=AQidvIOXx8fLy0Edc
Cookie: LOGIN_INFO=AFmmF2swRAIgHgAW1IqP-3OL-3dpv1W-CBoW-PDSiXNVQ7nFqU_YmBsCIChS5gmjvLklSTUglErDFqWne6reCelp8XiFa0nHJQ3p:QUQ3MjNmeUZFUUdreEZiNFgzQnpnYTBuTU15OHo4UmtWY0NSWXotcGppZVVpWEVGSjJiZWp5cjdfNkpXYjF2RURpOE9yTk1xRFhTM0JUYjF2eGM4YTdfaFhwUFlMUWtvME1wMHJjSThwbFZRVzhsVGRhVnl2elVmelBsTkw3aTJFYTBONFhTb1ZUdGd2NDFLSXlFR1M2TFZRcUFrT09zNERBR2JVaUVzdTZnY0xibHNTa3JNak1F
Cookie: PREF=tz=Etc.GMT
Cookie: SAPISID=NpFL7Oe_xy_1sdWY/A-o00TFAQs0vq6NqH
Cookie: SID=6gczfX0g2iN9zp4Kha-Zvb9eKJgPPYB00rimtkr-nCw1dpA863z02voYHhZ12N5-zN3LkA.
Cookie: SIDCC=AJi4QfE8-WkgqAOjiaOdsg8whl3QKfqKBd8kvvmhUCIKp9rOpIu1H6TFfEobcGnhMtYczNxGVA
Cookie: SSID=Aqz4GEW7waVVSsXbm
Cookie: VISITOR_INFO1_LIVE=f0hL7fj5dxI
Cookie: YSC=hRVjWKbqfLI
Cookie: __Secure-3PAPISID=NpFL7Oe_xy_1sdWY/A-o00TFAQs0vq6NqH
Cookie: __Secure-3PSID=6gczfX0g2iN9zp4Kha-Zvb9eKJgPPYB00rimtkr-nCw1dpA8-qN5MYzTiOvW7qgWEKH1yQ.
Cookie: __Secure-3PSIDCC=AJi4QfH8sVXvPDJWl_TqApnz-q2EbwMHiUB1SdqBjIrA309qVhMV4MJVJFGEAEcuJYNjGPcR
Cookie: hideBrowserUpgradeBox=true
Cookie: ACCOUNT_CHOOSER=AFx_qI5B1P-Dx4sc4h5P2dZtjAhLTDIRsMLeG-Hpcbng_ZU9QW-wa6QVjQDtfSpD5RAxCm-MiTn8aSTf-DohiFH-YyU7k5dB7WYmqTY9oNDAkf0LCyZFoHN5y3HRMj_qWczKSe1ZPZftaMI1wCovYOYMsiPKvOjNVA
Cookie: LSID=s.ES|s.youtube:6gczfXmq6j8FNvGsiONcsTl4juOR1Ppc4zeUcLTXh7SjmpZi9EYbt4UuIwy06DcM12JnnA.
Cookie: __Host-3PLSID=s.ES|s.youtube:6gczfXmq6j8FNvGsiONcsTl4juOR1Ppc4zeUcLTXh7SjmpZiARZ_taoNDed1Ba5XOAlCDQ.
Cookie: __Host-GAPS=1:Xr1YzDZah3Fsimoemto8NsdARIMlARWDMhwETP79597p6zJv7wbVhfJkO8EZ6tp9pfq8G7OluDwtikogKZbHl8CwwFn5Wg:Wwe8BWLLxo79TqOl
Cookie: CheckConnectionTempCookie572=852960
2021-02-14 19:48:37 [scrapy.extensions.logstats] INFO: Crawled 1 pages (at 1 pages/min), scraped 0 items (at 0 items/min)
2021-02-14 19:49:07 [scrapy_splash.middleware] DEBUG: Received cookies from: <200 https://www.youtube.com/watch?v=3xlExHPyqM0>
Set-Cookie: IDE=AHWqTUk6YVLvGZ8VfeLsQGASz1uiJb1OQM55Rp1Ncga2fmmb_Vcr1F4BfOM02fu9
Set-Cookie: APISID=Y5nkF5o4fdunitdo/AO0zAHfAvXP2B9W7W
Set-Cookie: HSID=AwO_th2ylfsrWTpHk
Set-Cookie: NID=209=mV8c03uxy3nZ1rQRMM4geRwBL9LKgm7XF8SRqVOHC1u4VpyBbohW0ymU_rhF2Q_QqWaGawDJumjZgIYV93wxkbyFfUYKn3JfRySRywJp04wB9n8CL5zM9xQtbQfSJwzHZJdn4XM0HKch3RNXHpDRZQ7rklSsSjog6zY5Cr1vVTg
Set-Cookie: SAPISID=NpFL7Oe_xy_1sdWY/A-o00TFAQs0vq6NqH
Set-Cookie: SID=6gczfX0g2iN9zp4Kha-Zvb9eKJgPPYB00rimtkr-nCw1dpA863z02voYHhZ12N5-zN3LkA.
Set-Cookie: SSID=AMVevt4KgOKxpUojV
Set-Cookie: __Secure-3PAPISID=NpFL7Oe_xy_1sdWY/A-o00TFAQs0vq6NqH
Set-Cookie: __Secure-3PSID=6gczfX0g2iN9zp4Kha-Zvb9eKJgPPYB00rimtkr-nCw1dpA8-qN5MYzTiOvW7qgWEKH1yQ.
Set-Cookie: APISID=Y5nkF5o4fdunitdo/AO0zAHfAvXP2B9W7W
Set-Cookie: HSID=AQidvIOXx8fLy0Edc
Set-Cookie: NID=209=Xj9Kg3zby9lkgB6nXBm9Fl-pB1D1hm1Dv-4JgfycAIlVy5tln3HU-YEJ1yxRgKuUYupQrL7ROUyNUxts74AWetBgo5kN8zdCFfyBOO1IwAPhyLI72-dCXhnEvX3DoY2rA2RBQIp_dvDjoT4L8Jf3fZkHixmlkAmHFy_i8-JwsZM
Set-Cookie: SAPISID=NpFL7Oe_xy_1sdWY/A-o00TFAQs0vq6NqH
Set-Cookie: SID=6gczfX0g2iN9zp4Kha-Zvb9eKJgPPYB00rimtkr-nCw1dpA863z02voYHhZ12N5-zN3LkA.
Set-Cookie: SSID=Aqz4GEW7waVVSsXbm
Set-Cookie: __Secure-3PAPISID=NpFL7Oe_xy_1sdWY/A-o00TFAQs0vq6NqH
Set-Cookie: __Secure-3PSID=6gczfX0g2iN9zp4Kha-Zvb9eKJgPPYB00rimtkr-nCw1dpA8-qN5MYzTiOvW7qgWEKH1yQ.
Set-Cookie: APISID=Y5nkF5o4fdunitdo/AO0zAHfAvXP2B9W7W
Set-Cookie: CONSENT=PENDING+128
Set-Cookie: GPS=1
Set-Cookie: HSID=AQidvIOXx8fLy0Edc
Set-Cookie: LOGIN_INFO=AFmmF2swRAIgHgAW1IqP-3OL-3dpv1W-CBoW-PDSiXNVQ7nFqU_YmBsCIChS5gmjvLklSTUglErDFqWne6reCelp8XiFa0nHJQ3p:QUQ3MjNmeUZFUUdreEZiNFgzQnpnYTBuTU15OHo4UmtWY0NSWXotcGppZVVpWEVGSjJiZWp5cjdfNkpXYjF2RURpOE9yTk1xRFhTM0JUYjF2eGM4YTdfaFhwUFlMUWtvME1wMHJjSThwbFZRVzhsVGRhVnl2elVmelBsTkw3aTJFYTBONFhTb1ZUdGd2NDFLSXlFR1M2TFZRcUFrT09zNERBR2JVaUVzdTZnY0xibHNTa3JNak1F
Set-Cookie: SAPISID=NpFL7Oe_xy_1sdWY/A-o00TFAQs0vq6NqH
Set-Cookie: SID=6gczfX0g2iN9zp4Kha-Zvb9eKJgPPYB00rimtkr-nCw1dpA863z02voYHhZ12N5-zN3LkA.
Set-Cookie: SSID=Aqz4GEW7waVVSsXbm
Set-Cookie: VISITOR_INFO1_LIVE=f0hL7fj5dxI
Set-Cookie: YSC=hRVjWKbqfLI
Set-Cookie: __Secure-3PAPISID=NpFL7Oe_xy_1sdWY/A-o00TFAQs0vq6NqH
Set-Cookie: __Secure-3PSID=6gczfX0g2iN9zp4Kha-Zvb9eKJgPPYB00rimtkr-nCw1dpA8-qN5MYzTiOvW7qgWEKH1yQ.
Set-Cookie: hideBrowserUpgradeBox=true
Set-Cookie: ACCOUNT_CHOOSER=AFx_qI5B1P-Dx4sc4h5P2dZtjAhLTDIRsMLeG-Hpcbng_ZU9QW-wa6QVjQDtfSpD5RAxCm-MiTn8aSTf-DohiFH-YyU7k5dB7WYmqTY9oNDAkf0LCyZFoHN5y3HRMj_qWczKSe1ZPZftaMI1wCovYOYMsiPKvOjNVA
Set-Cookie: LSID=s.ES|s.youtube:6gczfXmq6j8FNvGsiONcsTl4juOR1Ppc4zeUcLTXh7SjmpZi9EYbt4UuIwy06DcM12JnnA.
Set-Cookie: __Host-3PLSID=s.ES|s.youtube:6gczfXmq6j8FNvGsiONcsTl4juOR1Ppc4zeUcLTXh7SjmpZiARZ_taoNDed1Ba5XOAlCDQ.
Set-Cookie: __Host-GAPS=1:Xr1YzDZah3Fsimoemto8NsdARIMlARWDMhwETP79597p6zJv7wbVhfJkO8EZ6tp9pfq8G7OluDwtikogKZbHl8CwwFn5Wg:Wwe8BWLLxo79TqOl
Set-Cookie: CheckConnectionTempCookie572=852960
Set-Cookie: PREF=tz=Etc.GMT&f5=30000
Set-Cookie: SIDCC=AJi4QfHhvyGIZchnDOIAgoC7xFQ3lD1mXetXeGVd_L5YllD71Dae86f0OhUES_zXgr8F407X
Set-Cookie: __Secure-3PSIDCC=AJi4QfHS2aPYE2XIyHsfVUk4cMiXXVpQ0YtGLiOMmneDLtrBPmE7WJwYW0r0xPUraHfaZ2BNgg
Set-Cookie: SIDCC=AJi4QfHNpk-wnY-O64nz1x_go2vK1Ye-HcaCakmKfEPVHg3RoAbgmHzjcg7n9hZCVWcNa1S54g
Set-Cookie: __Secure-3PSIDCC=AJi4QfHOytrroNjTTCwM-qjHMUdSwiCwrBOtuB2rnQkXkFx5PNiXv-wuwYmncIB9AdGr6zrz
2021-02-14 19:49:07 [ytc.middlewares] DEBUG: Request Cookie not present
2021-02-14 19:49:07 [scrapy.core.engine] DEBUG: Crawled (200) <GET https://www.youtube.com/watch?v=3xlExHPyqM0 via http://splash:8050/execute> (referer: None)
2021-02-14 19:49:08 [scrapy.core.scraper] DEBUG: Scraped from <200 https://www.youtube.com/watch?v=3xlExHPyqM0>
{'rec_channel': 'C. Tangana',
 'rec_url': '/watch?v=h0Tb9VtVzVE',
 'rec_views': '27\xa0M de visualizaciones',
 'title': 'C. Tangana, Niño de Elche - Un Veneno (Video Oficial)',
 'url': 'https://www.youtube.com/watch?v=3xlExHPyqM0'}
2021-02-14 19:49:08 [scrapy.core.scraper] DEBUG: Scraped from <200 https://www.youtube.com/watch?v=3xlExHPyqM0>
{'rec_channel': 'C. Tangana',
 'rec_url': '/watch?v=ltmO9XQVdSg',
 'rec_views': '83\xa0M de visualizaciones',
 'title': 'C. Tangana, Niño de Elche, La Hungara - Tú Me Dejaste De Querer',
 'url': 'https://www.youtube.com/watch?v=3xlExHPyqM0'}
2021-02-14 19:49:08 [scrapy.core.scraper] DEBUG: Scraped from <200 https://www.youtube.com/watch?v=3xlExHPyqM0>
{'rec_channel': 'La Resistencia en Movistar+',
 'rec_url': '/watch?v=9NH0wFr_YEk',
 'rec_views': '2\xa0M de visualizaciones',
 'title': 'LA RESISTENCIA - Entrevista a C. Tangana | Parte 1 | #LaResistencia '
          '09.11.2020',
 'url': 'https://www.youtube.com/watch?v=3xlExHPyqM0'}
2021-02-14 19:49:08 [scrapy.core.scraper] DEBUG: Scraped from <200 https://www.youtube.com/watch?v=3xlExHPyqM0>
{'rec_channel': 'AYAX Y PROK',
 'rec_url': '/watch?v=30_DJen_jS0',
 'rec_views': '1,1\xa0M de visualizaciones',
 'title': 'AYAX - RAVAL RUINA (PROD TENSEI) | VIDEOCLIP #JUGLARDELSIGLOXXI',
 'url': 'https://www.youtube.com/watch?v=3xlExHPyqM0'}
2021-02-14 19:49:08 [scrapy.core.scraper] DEBUG: Scraped from <200 https://www.youtube.com/watch?v=3xlExHPyqM0>
{'rec_channel': 'HARD GZ',
 'rec_url': '/watch?v=I96S7SxeVV0',
 'rec_views': '2,6\xa0M de visualizaciones',
 'title': 'HARD GZ & NIKONE - LO REAL (PROD.DUALY)',
 'url': 'https://www.youtube.com/watch?v=3xlExHPyqM0'}
2021-02-14 19:49:08 [scrapy.core.scraper] DEBUG: Scraped from <200 https://www.youtube.com/watch?v=3xlExHPyqM0>
{'rec_channel': 'B E J O',
 'rec_url': '/watch?v=iRNuwrENJPc',
 'rec_views': '635.085 visualizaciones',
 'title': 'BEJO - LA DIETA (Prod. BigCid)',
 'url': 'https://www.youtube.com/watch?v=3xlExHPyqM0'}
2021-02-14 19:49:08 [scrapy.core.scraper] DEBUG: Scraped from <200 https://www.youtube.com/watch?v=3xlExHPyqM0>
{'rec_channel': 'Nathy Peluso',
 'rec_url': '/watch?v=XfFvBp5ocHo',
 'rec_views': '10\xa0M de visualizaciones',
 'title': 'Nathy Peluso - DELITO',
 'url': 'https://www.youtube.com/watch?v=3xlExHPyqM0'}
2021-02-14 19:49:08 [scrapy.core.scraper] DEBUG: Scraped from <200 https://www.youtube.com/watch?v=3xlExHPyqM0>
{'rec_channel': 'C. Tangana',
 'rec_url': '/watch?v=ZlFri4ez_lE',
 'rec_views': '19\xa0M de visualizaciones',
 'title': 'C. Tangana - Demasiadas Mujeres',
 'url': 'https://www.youtube.com/watch?v=3xlExHPyqM0'}
2021-02-14 19:49:08 [scrapy.core.scraper] DEBUG: Scraped from <200 https://www.youtube.com/watch?v=3xlExHPyqM0>
{'rec_channel': 'AYAX Y PROK',
 'rec_url': '/watch?v=6w3c6cigdqo',
 'rec_views': '1,1\xa0M de visualizaciones',
 'title': 'PROK - YO LA QUIERO MAMÁ (PROD DELEX) VIDEOCLIP #LECRIDELARUE🗣',
 'url': 'https://www.youtube.com/watch?v=3xlExHPyqM0'}
2021-02-14 19:49:08 [scrapy.core.scraper] DEBUG: Scraped from <200 https://www.youtube.com/watch?v=3xlExHPyqM0>
{'rec_channel': 'Becky G',
 'rec_url': '/watch?v=zAWsoFk2yVw',
 'rec_views': '698\xa0M de visualizaciones',
 'title': 'Becky G, Paulo Londra - Cuando Te Besé (Official Video)',
 'url': 'https://www.youtube.com/watch?v=3xlExHPyqM0'}
2021-02-14 19:49:08 [scrapy.core.scraper] DEBUG: Scraped from <200 https://www.youtube.com/watch?v=3xlExHPyqM0>
{'rec_channel': 'C. Tangana',
 'rec_url': '/watch?v=2BlYXAlRF7I',
 'rec_views': '7,1\xa0M de visualizaciones',
 'title': 'C. Tangana - Yelo (Video Oficial)',
 'url': 'https://www.youtube.com/watch?v=3xlExHPyqM0'}
2021-02-14 19:49:08 [scrapy.core.scraper] DEBUG: Scraped from <200 https://www.youtube.com/watch?v=3xlExHPyqM0>
{'rec_channel': 'SomosVEVO',
 'rec_url': '/watch?v=1Z7W76_1BlM',
 'rec_views': '9,1\xa0M de visualizaciones',
 'title': 'C. Tangana - "Spanish Jigga Freestyle" Official Performance',
 'url': 'https://www.youtube.com/watch?v=3xlExHPyqM0'}
2021-02-14 19:49:08 [scrapy.core.scraper] DEBUG: Scraped from <200 https://www.youtube.com/watch?v=3xlExHPyqM0>
{'rec_channel': 'AgzTv',
 'rec_url': '/watch?v=RxKVWs_qYBk',
 'rec_views': '87\xa0M de visualizaciones',
 'title': 'C. Tangana - Antes de morirme feat. Rosalía (Video Oficial)',
 'url': 'https://www.youtube.com/watch?v=3xlExHPyqM0'}
2021-02-14 19:49:08 [scrapy.core.scraper] DEBUG: Scraped from <200 https://www.youtube.com/watch?v=3xlExHPyqM0>
{'rec_channel': 'AYAX Y PROK',
 'rec_url': '/watch?v=n4IGD-PyxdI',
 'rec_views': '4,9\xa0M de visualizaciones',
 'title': 'AYAX - EL CIRCO (PROD BLASFEM) | VIDEOCLIP',
 'url': 'https://www.youtube.com/watch?v=3xlExHPyqM0'}
2021-02-14 19:49:08 [scrapy.core.scraper] DEBUG: Scraped from <200 https://www.youtube.com/watch?v=3xlExHPyqM0>
{'rec_channel': 'Piso 21',
 'rec_url': '/watch?v=nP8ZVJxiJlU',
 'rec_views': '676\xa0M de visualizaciones',
 'title': 'Piso 21 ft. Paulo Londra - Te Amo (Video Oficial)',
 'url': 'https://www.youtube.com/watch?v=3xlExHPyqM0'}
2021-02-14 19:49:08 [scrapy.core.scraper] DEBUG: Scraped from <200 https://www.youtube.com/watch?v=3xlExHPyqM0>
{'rec_channel': 'AYAX Y PROK',
 'rec_url': '/watch?v=6eNCFuB-PUs',
 'rec_views': '8\xa0M de visualizaciones',
 'title': "AYAX - L' ENFANT TERRIBLE (PROD BLASFEM) VIDEOCLIP",
 'url': 'https://www.youtube.com/watch?v=3xlExHPyqM0'}
2021-02-14 19:49:08 [scrapy.core.scraper] DEBUG: Scraped from <200 https://www.youtube.com/watch?v=3xlExHPyqM0>
{'rec_channel': 'Alizzz',
 'rec_url': '/watch?v=sEjplW7a6jA',
 'rec_views': '2\xa0M de visualizaciones',
 'title': 'Alizzz, Amaia - El encuentro (Videoclip oficial)',
 'url': 'https://www.youtube.com/watch?v=3xlExHPyqM0'}
2021-02-14 19:49:08 [scrapy.core.scraper] ERROR: Spider error processing <GET https://www.youtube.com/watch?v=3xlExHPyqM0 via http://splash:8050/execute> (referer: None)
Traceback (most recent call last):
  File "/usr/local/lib/python3.9/site-packages/scrapy/utils/defer.py", line 120, in iter_errback
    yield next(it)
  File "/usr/local/lib/python3.9/site-packages/scrapy/utils/python.py", line 353, in __next__
    return next(self.data)
  File "/usr/local/lib/python3.9/site-packages/scrapy/utils/python.py", line 353, in __next__
    return next(self.data)
  File "/usr/local/lib/python3.9/site-packages/scrapy/core/spidermw.py", line 62, in _evaluate_iterable
    for r in iterable:
  File "/usr/local/lib/python3.9/site-packages/scrapy_splash/middleware.py", line 156, in process_spider_output
    for el in result:
  File "/usr/local/lib/python3.9/site-packages/scrapy/core/spidermw.py", line 62, in _evaluate_iterable
    for r in iterable:
  File "/usr/local/lib/python3.9/site-packages/scrapy/spidermiddlewares/offsite.py", line 29, in process_spider_output
    for x in result:
  File "/usr/local/lib/python3.9/site-packages/scrapy/core/spidermw.py", line 62, in _evaluate_iterable
    for r in iterable:
  File "/usr/local/lib/python3.9/site-packages/scrapy/spidermiddlewares/referer.py", line 340, in <genexpr>
    return (_set_referer(r) for r in result or ())
  File "/usr/local/lib/python3.9/site-packages/scrapy/core/spidermw.py", line 62, in _evaluate_iterable
    for r in iterable:
  File "/usr/local/lib/python3.9/site-packages/scrapy/spidermiddlewares/urllength.py", line 37, in <genexpr>
    return (r for r in result or () if _filter(r))
  File "/usr/local/lib/python3.9/site-packages/scrapy/core/spidermw.py", line 62, in _evaluate_iterable
    for r in iterable:
  File "/usr/local/lib/python3.9/site-packages/scrapy/spidermiddlewares/depth.py", line 58, in <genexpr>
    return (r for r in result or () if _filter(r))
  File "/usr/local/lib/python3.9/site-packages/scrapy/core/spidermw.py", line 62, in _evaluate_iterable
    for r in iterable:
  File "/tmp/ytc-1613332053-1smh2hgu.egg/ytc/spiders/ytspider.py", line 164, in parse
    item['comments'] = sel.xpath("//ytd-comments-renderers-header//h2/yt-formatted-string/text()").getall()
  File "/usr/local/lib/python3.9/site-packages/scrapy/item.py", line 99, in __setitem__
    raise KeyError(f"{self.__class__.__name__} does not support field: {key}")
KeyError: 'YtcItem does not support field: comments'
2021-02-14 19:49:08 [scrapy.core.engine] INFO: Closing spider (finished)
2021-02-14 19:49:08 [scrapy.extensions.feedexport] INFO: Stored jsonlines feed (17 items) in: file:///var/lib/scrapyd/items/ytc/ytspider/7cc8e6d46efd11ebb5450242ac120003.jl
2021-02-14 19:49:08 [scrapy.statscollectors] INFO: Dumping Scrapy stats:
{'downloader/request_bytes': 16667,
 'downloader/request_count': 2,
 'downloader/request_method_count/POST': 2,
 'downloader/response_bytes': 5982591,
 'downloader/response_count': 2,
 'downloader/response_status_count/200': 2,
 'elapsed_time_seconds': 90.97154,
 'finish_reason': 'finished',
 'finish_time': datetime.datetime(2021, 2, 14, 19, 49, 8, 229031),
 'item_scraped_count': 17,
 'log_count/DEBUG': 24,
 'log_count/ERROR': 1,
 'log_count/INFO': 12,
 'log_count/WARNING': 3,
 'memusage/max': 76242944,
 'memusage/startup': 58167296,
 'request_depth_max': 1,
 'response_received_count': 2,
 'scheduler/dequeued': 4,
 'scheduler/dequeued/memory': 4,
 'scheduler/enqueued': 4,
 'scheduler/enqueued/memory': 4,
 'spider_exceptions/KeyError': 1,
 'splash/execute/request_count': 2,
 'splash/execute/response_count/200': 2,
 'start_time': datetime.datetime(2021, 2, 14, 19, 47, 37, 257491)}
2021-02-14 19:49:08 [scrapy.core.engine] INFO: Spider closed (finished)
