2021-02-09 16:34:41 [scrapy.utils.log] INFO: Scrapy 2.4.1 started (bot: ytc)
2021-02-09 16:34:41 [scrapy.utils.log] INFO: Versions: lxml 4.6.2.0, libxml2 2.9.10, cssselect 1.1.0, parsel 1.6.0, w3lib 1.22.0, Twisted 18.9.0, Python 3.9.1 (default, Dec 11 2020, 14:29:41) - [GCC 9.3.0], pyOpenSSL 20.0.1 (OpenSSL 1.1.1i  8 Dec 2020), cryptography 3.3.1, Platform Linux-5.4.0-62-generic-x86_64-with
2021-02-09 16:34:41 [scrapy.utils.log] DEBUG: Using reactor: twisted.internet.epollreactor.EPollReactor
2021-02-09 16:34:41 [scrapy.crawler] INFO: Overridden settings:
{'BOT_NAME': 'ytc',
 'DUPEFILTER_CLASS': 'scrapy_splash.SplashAwareDupeFilter',
 'HTTPCACHE_STORAGE': 'scrapy_splash.SplashAwareFSCacheStorage',
 'LOG_FILE': '/var/lib/scrapyd/logs/ytc/ytspider/b27806b46af411eba3620242ac120006.log',
 'NEWSPIDER_MODULE': 'ytc.spiders',
 'SPIDER_MODULES': ['ytc.spiders'],
 'USER_AGENT': 'ytc (+http://www.yourdomain.com)'}
2021-02-09 16:34:41 [scrapy.extensions.telnet] INFO: Telnet Password: 1db2242586093561
2021-02-09 16:34:41 [py.warnings] WARNING: /usr/local/lib/python3.9/site-packages/scrapy/extensions/feedexport.py:247: ScrapyDeprecationWarning: The `FEED_URI` and `FEED_FORMAT` settings have been deprecated in favor of the `FEEDS` setting. Please see the `FEEDS` setting docs for more details
  exporter = cls(crawler)

2021-02-09 16:34:41 [scrapy.middleware] INFO: Enabled extensions:
['scrapy.extensions.corestats.CoreStats',
 'scrapy.extensions.telnet.TelnetConsole',
 'scrapy.extensions.memusage.MemoryUsage',
 'scrapy.extensions.feedexport.FeedExporter',
 'scrapy.extensions.logstats.LogStats']
2021-02-09 16:34:41 [scrapy.middleware] INFO: Enabled downloader middlewares:
['scrapy.downloadermiddlewares.httpauth.HttpAuthMiddleware',
 'scrapy.downloadermiddlewares.downloadtimeout.DownloadTimeoutMiddleware',
 'scrapy.downloadermiddlewares.defaultheaders.DefaultHeadersMiddleware',
 'scrapy.downloadermiddlewares.useragent.UserAgentMiddleware',
 'scrapy.downloadermiddlewares.retry.RetryMiddleware',
 'scrapy.downloadermiddlewares.redirect.MetaRefreshMiddleware',
 'scrapy.downloadermiddlewares.redirect.RedirectMiddleware',
 'scrapy.downloadermiddlewares.cookies.CookiesMiddleware',
 'ytc.middlewares.YtcCookiesMiddleware',
 'scrapy_splash.SplashMiddleware',
 'scrapy.downloadermiddlewares.httpproxy.HttpProxyMiddleware',
 'scrapy.downloadermiddlewares.httpcompression.HttpCompressionMiddleware',
 'scrapy.downloadermiddlewares.stats.DownloaderStats']
2021-02-09 16:34:41 [scrapy.middleware] INFO: Enabled spider middlewares:
['scrapy.spidermiddlewares.httperror.HttpErrorMiddleware',
 'scrapy_splash.SplashDeduplicateArgsMiddleware',
 'scrapy.spidermiddlewares.offsite.OffsiteMiddleware',
 'scrapy.spidermiddlewares.referer.RefererMiddleware',
 'scrapy.spidermiddlewares.urllength.UrlLengthMiddleware',
 'scrapy.spidermiddlewares.depth.DepthMiddleware']
2021-02-09 16:34:41 [py.warnings] WARNING: /usr/local/lib/python3.9/site-packages/scrapy/utils/project.py:90: ScrapyDeprecationWarning: Use of environment variables prefixed with SCRAPY_ to override settings is deprecated. The following environment variables are currently defined: FEED_URI, JOB, LOG_FILE, SLOT, SPIDER
  warnings.warn(

2021-02-09 16:34:41 [scrapy.middleware] INFO: Enabled item pipelines:
['ytc.pipelines.MongoDBPipeline']
2021-02-09 16:34:41 [scrapy.core.engine] INFO: Spider opened
2021-02-09 16:34:41 [scrapy.extensions.logstats] INFO: Crawled 0 pages (at 0 pages/min), scraped 0 items (at 0 items/min)
2021-02-09 16:34:41 [scrapy.extensions.telnet] INFO: Telnet console listening on 127.0.0.1:6023
2021-02-09 16:34:41 [py.warnings] WARNING: /usr/local/lib/python3.9/site-packages/scrapy_splash/request.py:41: ScrapyDeprecationWarning: Call to deprecated function to_native_str. Use to_unicode instead.
  url = to_native_str(url)

2021-02-09 16:35:21 [scrapy_splash.middleware] DEBUG: Received cookies from: <200 https://www.youtube.com>
Set-Cookie: CONSENT=PENDING+251
Set-Cookie: hideBrowserUpgradeBox=true
Set-Cookie: YSC=TOCphaVxsgE
Set-Cookie: VISITOR_INFO1_LIVE=UxCk9ikZZyY
Set-Cookie: GPS=1
Set-Cookie: CheckConnectionTempCookie281=427863
Set-Cookie: SID=6gczfUaokakDgUTRAYTb411B9jbN7GJiw1DNCEqMkyzoUj1brzH1r_3v4hQ91ILMKV6YPA.
Set-Cookie: __Secure-3PSID=6gczfUaokakDgUTRAYTb411B9jbN7GJiw1DNCEqMkyzoUj1bli7mE6HMKzuXVxUCLYR_Zg.
Set-Cookie: HSID=A1iIL0bi-xuJRjFrc
Set-Cookie: SSID=AFA_VGRNM_9Vx_Vwx
Set-Cookie: APISID=0raOVcdrofPdJUAk/A7y1MsP1HM1ptfCu9
Set-Cookie: SAPISID=Glvf480R7VJ0HuK4/AIzLcHGssFZXXWJvp
Set-Cookie: __Secure-3PAPISID=Glvf480R7VJ0HuK4/AIzLcHGssFZXXWJvp
Set-Cookie: __Host-GAPS=1:WDWu01boK06NrKJbQSfdhb00vYoOe4DH-qrZ_JiLuhTVBLZFBPZBH3dOoJRSLiwmU89tMQEEFG_NkxJiJv15NTr-3VP3pQ:ceKZsdoMLCAvkSrp
Set-Cookie: NID=208=qICxadPdSv7kY5B5nCue-U-H4liar_44TXCgUEx7wQqzwfjlm9PHWgeJpFBbA9ofBjOCr_z-mH9itycX6MxV4kBK3ILFIhpi64VwzleEbt6J5RVEfk9agkXCLcSSnQoPSz2uoPMn13IVNtyCtSOGAVZ0wHPi01A5M3bAs4TIEqg
Set-Cookie: LSID=s.ES|s.youtube:6gczfS1rw6rTk2nNcBnc0yZ82bMBloPKcf84d1cKE8SnoqMnwtgLNSSOTon20Z9X4FWdfQ.
Set-Cookie: __Host-3PLSID=s.ES|s.youtube:6gczfS1rw6rTk2nNcBnc0yZ82bMBloPKcf84d1cKE8SnoqMnNGRi7g-GPirCWxc307Vt6A.
Set-Cookie: ACCOUNT_CHOOSER=AFx_qI6zBs8ciKz35drwXv4XJP2hizFChS_IitEaVvnhu4eY-p7bO8SsEZnpzJLSGL7NluqEYU5J29Q36jTx_LD2WIUL6bk6EfrlFKdZ9XlMENFF6EOlzD8n65uMsfFZtfMatb9hyHGUqcFWPxszwmY8Ml0lQflutw
Set-Cookie: SID=6gczfUaokakDgUTRAYTb411B9jbN7GJiw1DNCEqMkyzoUj1brzH1r_3v4hQ91ILMKV6YPA.
Set-Cookie: __Secure-3PSID=6gczfUaokakDgUTRAYTb411B9jbN7GJiw1DNCEqMkyzoUj1bli7mE6HMKzuXVxUCLYR_Zg.
Set-Cookie: HSID=AM5kCoFzifviwn3o0
Set-Cookie: SSID=Aucq_bshg3jfaiAWU
Set-Cookie: APISID=0raOVcdrofPdJUAk/A7y1MsP1HM1ptfCu9
Set-Cookie: SAPISID=Glvf480R7VJ0HuK4/AIzLcHGssFZXXWJvp
Set-Cookie: __Secure-3PAPISID=Glvf480R7VJ0HuK4/AIzLcHGssFZXXWJvp
Set-Cookie: SID=6gczfUaokakDgUTRAYTb411B9jbN7GJiw1DNCEqMkyzoUj1brzH1r_3v4hQ91ILMKV6YPA.
Set-Cookie: __Secure-3PSID=6gczfUaokakDgUTRAYTb411B9jbN7GJiw1DNCEqMkyzoUj1bli7mE6HMKzuXVxUCLYR_Zg.
Set-Cookie: HSID=AM5kCoFzifviwn3o0
Set-Cookie: SSID=Aucq_bshg3jfaiAWU
Set-Cookie: APISID=0raOVcdrofPdJUAk/A7y1MsP1HM1ptfCu9
Set-Cookie: SAPISID=Glvf480R7VJ0HuK4/AIzLcHGssFZXXWJvp
Set-Cookie: __Secure-3PAPISID=Glvf480R7VJ0HuK4/AIzLcHGssFZXXWJvp
Set-Cookie: NID=208=rBhfl2ya3ekv-GDNdw54KvTrN7ab4C89ZspIsnFVzlAOXfYJAaxfqXzIGMJIv06JYtcLHlJ1bZ-JRyeZqpIbgR2hJXmXUCUm1_TkrKUShX74F3PmGyzQUqXM3rFmuPDZygGKuLpFjzhPFFab3seY_WsHlcyIFUPlnyaTqhTPG7o
Set-Cookie: LOGIN_INFO=AFmmF2swRgIhALXO1JExM1vtk1QpbeixIEssXqt905OgjJU7UknFZHD1AiEA12D_A2XYRHbcb4kX6auQhcwGb5rCuaYWCKjp_v6X3uk:QUQ3MjNmd0NCUTd5U2xDWkZEOUdBQXQ3ZDFxdHAxem5wSGdibEJBakx1WXRUSUpiR2VtNVFLcjhLQWNiYXlfVjRxWXFqbjlVTV81VFZXWEVSRWxzeVJFclAxNzhVVXZEMDhNeW15Nlo3ZHNOMDV6R2Z5Mk5aOER6Ym8zcXhFemhLYzZkRjZRTUZWZjVKcjdvZTMtZFM4S2c4eGozaURHQllPck9md2FmR3MzdVBUaElqMUdUa1M4
Set-Cookie: PREF=tz=Etc.GMT
Set-Cookie: SIDCC=AJi4QfEGZ5KRTc3xDebl2tUgP-WLiND2q-I0jBPTsrM76gD0oT7w2UZO3XZU4dHvHulPaEIX
Set-Cookie: __Secure-3PSIDCC=AJi4QfEIS2EhilwQyg3X17IYTuTqdnu2bzp9Ss54lBRDOQl3CFxmoKsj07OJ73s9F_lmxgYG
Set-Cookie: IDE=AHWqTUlgPcVC2XY9eeICN3vt6GFdBmAQRsTOlqoL0oBS7gRK1wGAziEcYwk_eY4y
Set-Cookie: SIDCC=AJi4QfFg5QR1NG0I5G1S57L_g9ukKNU_eXvl4kbOoiJVi4NhrOliyCnuEv5Y4mDuzcBzhW5A0g
Set-Cookie: __Secure-3PSIDCC=AJi4QfE9yJn5mQ7pehkBuAaGh3nOEpLISfsO7zOAtOrZrscblELm1vEUog9bgY7CXm9OBlSHKQ
2021-02-09 16:35:21 [ytc.middlewares] DEBUG: Request Cookie not present
2021-02-09 16:35:21 [scrapy.core.engine] DEBUG: Crawled (200) <GET https://www.youtube.com via http://splash:8050/execute> (referer: None)
2021-02-09 16:35:21 [scrapy_splash.middleware] DEBUG: Sending cookies to: <GET https://www.youtube.com/watch?v=3xlExHPyqM0>
Cookie: IDE=AHWqTUlgPcVC2XY9eeICN3vt6GFdBmAQRsTOlqoL0oBS7gRK1wGAziEcYwk_eY4y
Cookie: APISID=0raOVcdrofPdJUAk/A7y1MsP1HM1ptfCu9
Cookie: HSID=A1iIL0bi-xuJRjFrc
Cookie: NID=208=qICxadPdSv7kY5B5nCue-U-H4liar_44TXCgUEx7wQqzwfjlm9PHWgeJpFBbA9ofBjOCr_z-mH9itycX6MxV4kBK3ILFIhpi64VwzleEbt6J5RVEfk9agkXCLcSSnQoPSz2uoPMn13IVNtyCtSOGAVZ0wHPi01A5M3bAs4TIEqg
Cookie: SAPISID=Glvf480R7VJ0HuK4/AIzLcHGssFZXXWJvp
Cookie: SID=6gczfUaokakDgUTRAYTb411B9jbN7GJiw1DNCEqMkyzoUj1brzH1r_3v4hQ91ILMKV6YPA.
Cookie: SIDCC=AJi4QfEGZ5KRTc3xDebl2tUgP-WLiND2q-I0jBPTsrM76gD0oT7w2UZO3XZU4dHvHulPaEIX
Cookie: SSID=AFA_VGRNM_9Vx_Vwx
Cookie: __Secure-3PAPISID=Glvf480R7VJ0HuK4/AIzLcHGssFZXXWJvp
Cookie: __Secure-3PSID=6gczfUaokakDgUTRAYTb411B9jbN7GJiw1DNCEqMkyzoUj1bli7mE6HMKzuXVxUCLYR_Zg.
Cookie: __Secure-3PSIDCC=AJi4QfEIS2EhilwQyg3X17IYTuTqdnu2bzp9Ss54lBRDOQl3CFxmoKsj07OJ73s9F_lmxgYG
Cookie: APISID=0raOVcdrofPdJUAk/A7y1MsP1HM1ptfCu9
Cookie: HSID=AM5kCoFzifviwn3o0
Cookie: NID=208=rBhfl2ya3ekv-GDNdw54KvTrN7ab4C89ZspIsnFVzlAOXfYJAaxfqXzIGMJIv06JYtcLHlJ1bZ-JRyeZqpIbgR2hJXmXUCUm1_TkrKUShX74F3PmGyzQUqXM3rFmuPDZygGKuLpFjzhPFFab3seY_WsHlcyIFUPlnyaTqhTPG7o
Cookie: SAPISID=Glvf480R7VJ0HuK4/AIzLcHGssFZXXWJvp
Cookie: SID=6gczfUaokakDgUTRAYTb411B9jbN7GJiw1DNCEqMkyzoUj1brzH1r_3v4hQ91ILMKV6YPA.
Cookie: SSID=Aucq_bshg3jfaiAWU
Cookie: __Secure-3PAPISID=Glvf480R7VJ0HuK4/AIzLcHGssFZXXWJvp
Cookie: __Secure-3PSID=6gczfUaokakDgUTRAYTb411B9jbN7GJiw1DNCEqMkyzoUj1bli7mE6HMKzuXVxUCLYR_Zg.
Cookie: APISID=0raOVcdrofPdJUAk/A7y1MsP1HM1ptfCu9
Cookie: CONSENT=PENDING+251
Cookie: GPS=1
Cookie: HSID=AM5kCoFzifviwn3o0
Cookie: LOGIN_INFO=AFmmF2swRgIhALXO1JExM1vtk1QpbeixIEssXqt905OgjJU7UknFZHD1AiEA12D_A2XYRHbcb4kX6auQhcwGb5rCuaYWCKjp_v6X3uk:QUQ3MjNmd0NCUTd5U2xDWkZEOUdBQXQ3ZDFxdHAxem5wSGdibEJBakx1WXRUSUpiR2VtNVFLcjhLQWNiYXlfVjRxWXFqbjlVTV81VFZXWEVSRWxzeVJFclAxNzhVVXZEMDhNeW15Nlo3ZHNOMDV6R2Z5Mk5aOER6Ym8zcXhFemhLYzZkRjZRTUZWZjVKcjdvZTMtZFM4S2c4eGozaURHQllPck9md2FmR3MzdVBUaElqMUdUa1M4
Cookie: PREF=tz=Etc.GMT
Cookie: SAPISID=Glvf480R7VJ0HuK4/AIzLcHGssFZXXWJvp
Cookie: SID=6gczfUaokakDgUTRAYTb411B9jbN7GJiw1DNCEqMkyzoUj1brzH1r_3v4hQ91ILMKV6YPA.
Cookie: SIDCC=AJi4QfFg5QR1NG0I5G1S57L_g9ukKNU_eXvl4kbOoiJVi4NhrOliyCnuEv5Y4mDuzcBzhW5A0g
Cookie: SSID=Aucq_bshg3jfaiAWU
Cookie: VISITOR_INFO1_LIVE=UxCk9ikZZyY
Cookie: YSC=TOCphaVxsgE
Cookie: __Secure-3PAPISID=Glvf480R7VJ0HuK4/AIzLcHGssFZXXWJvp
Cookie: __Secure-3PSID=6gczfUaokakDgUTRAYTb411B9jbN7GJiw1DNCEqMkyzoUj1bli7mE6HMKzuXVxUCLYR_Zg.
Cookie: __Secure-3PSIDCC=AJi4QfE9yJn5mQ7pehkBuAaGh3nOEpLISfsO7zOAtOrZrscblELm1vEUog9bgY7CXm9OBlSHKQ
Cookie: hideBrowserUpgradeBox=true
Cookie: ACCOUNT_CHOOSER=AFx_qI6zBs8ciKz35drwXv4XJP2hizFChS_IitEaVvnhu4eY-p7bO8SsEZnpzJLSGL7NluqEYU5J29Q36jTx_LD2WIUL6bk6EfrlFKdZ9XlMENFF6EOlzD8n65uMsfFZtfMatb9hyHGUqcFWPxszwmY8Ml0lQflutw
Cookie: LSID=s.ES|s.youtube:6gczfS1rw6rTk2nNcBnc0yZ82bMBloPKcf84d1cKE8SnoqMnwtgLNSSOTon20Z9X4FWdfQ.
Cookie: __Host-3PLSID=s.ES|s.youtube:6gczfS1rw6rTk2nNcBnc0yZ82bMBloPKcf84d1cKE8SnoqMnNGRi7g-GPirCWxc307Vt6A.
Cookie: __Host-GAPS=1:WDWu01boK06NrKJbQSfdhb00vYoOe4DH-qrZ_JiLuhTVBLZFBPZBH3dOoJRSLiwmU89tMQEEFG_NkxJiJv15NTr-3VP3pQ:ceKZsdoMLCAvkSrp
Cookie: CheckConnectionTempCookie281=427863
2021-02-09 16:35:41 [scrapy.extensions.logstats] INFO: Crawled 1 pages (at 1 pages/min), scraped 0 items (at 0 items/min)
2021-02-09 16:36:06 [scrapy_splash.middleware] DEBUG: Received cookies from: <200 https://www.youtube.com/watch?v=3xlExHPyqM0>
Set-Cookie: IDE=AHWqTUlgPcVC2XY9eeICN3vt6GFdBmAQRsTOlqoL0oBS7gRK1wGAziEcYwk_eY4y
Set-Cookie: APISID=0raOVcdrofPdJUAk/A7y1MsP1HM1ptfCu9
Set-Cookie: HSID=A1iIL0bi-xuJRjFrc
Set-Cookie: NID=208=qICxadPdSv7kY5B5nCue-U-H4liar_44TXCgUEx7wQqzwfjlm9PHWgeJpFBbA9ofBjOCr_z-mH9itycX6MxV4kBK3ILFIhpi64VwzleEbt6J5RVEfk9agkXCLcSSnQoPSz2uoPMn13IVNtyCtSOGAVZ0wHPi01A5M3bAs4TIEqg
Set-Cookie: SAPISID=Glvf480R7VJ0HuK4/AIzLcHGssFZXXWJvp
Set-Cookie: SID=6gczfUaokakDgUTRAYTb411B9jbN7GJiw1DNCEqMkyzoUj1brzH1r_3v4hQ91ILMKV6YPA.
Set-Cookie: SSID=AFA_VGRNM_9Vx_Vwx
Set-Cookie: __Secure-3PAPISID=Glvf480R7VJ0HuK4/AIzLcHGssFZXXWJvp
Set-Cookie: __Secure-3PSID=6gczfUaokakDgUTRAYTb411B9jbN7GJiw1DNCEqMkyzoUj1bli7mE6HMKzuXVxUCLYR_Zg.
Set-Cookie: APISID=0raOVcdrofPdJUAk/A7y1MsP1HM1ptfCu9
Set-Cookie: HSID=AM5kCoFzifviwn3o0
Set-Cookie: NID=208=rBhfl2ya3ekv-GDNdw54KvTrN7ab4C89ZspIsnFVzlAOXfYJAaxfqXzIGMJIv06JYtcLHlJ1bZ-JRyeZqpIbgR2hJXmXUCUm1_TkrKUShX74F3PmGyzQUqXM3rFmuPDZygGKuLpFjzhPFFab3seY_WsHlcyIFUPlnyaTqhTPG7o
Set-Cookie: SAPISID=Glvf480R7VJ0HuK4/AIzLcHGssFZXXWJvp
Set-Cookie: SID=6gczfUaokakDgUTRAYTb411B9jbN7GJiw1DNCEqMkyzoUj1brzH1r_3v4hQ91ILMKV6YPA.
Set-Cookie: SSID=Aucq_bshg3jfaiAWU
Set-Cookie: __Secure-3PAPISID=Glvf480R7VJ0HuK4/AIzLcHGssFZXXWJvp
Set-Cookie: __Secure-3PSID=6gczfUaokakDgUTRAYTb411B9jbN7GJiw1DNCEqMkyzoUj1bli7mE6HMKzuXVxUCLYR_Zg.
Set-Cookie: APISID=0raOVcdrofPdJUAk/A7y1MsP1HM1ptfCu9
Set-Cookie: CONSENT=PENDING+251
Set-Cookie: GPS=1
Set-Cookie: HSID=AM5kCoFzifviwn3o0
Set-Cookie: LOGIN_INFO=AFmmF2swRgIhALXO1JExM1vtk1QpbeixIEssXqt905OgjJU7UknFZHD1AiEA12D_A2XYRHbcb4kX6auQhcwGb5rCuaYWCKjp_v6X3uk:QUQ3MjNmd0NCUTd5U2xDWkZEOUdBQXQ3ZDFxdHAxem5wSGdibEJBakx1WXRUSUpiR2VtNVFLcjhLQWNiYXlfVjRxWXFqbjlVTV81VFZXWEVSRWxzeVJFclAxNzhVVXZEMDhNeW15Nlo3ZHNOMDV6R2Z5Mk5aOER6Ym8zcXhFemhLYzZkRjZRTUZWZjVKcjdvZTMtZFM4S2c4eGozaURHQllPck9md2FmR3MzdVBUaElqMUdUa1M4
Set-Cookie: SAPISID=Glvf480R7VJ0HuK4/AIzLcHGssFZXXWJvp
Set-Cookie: SID=6gczfUaokakDgUTRAYTb411B9jbN7GJiw1DNCEqMkyzoUj1brzH1r_3v4hQ91ILMKV6YPA.
Set-Cookie: SSID=Aucq_bshg3jfaiAWU
Set-Cookie: VISITOR_INFO1_LIVE=UxCk9ikZZyY
Set-Cookie: YSC=TOCphaVxsgE
Set-Cookie: __Secure-3PAPISID=Glvf480R7VJ0HuK4/AIzLcHGssFZXXWJvp
Set-Cookie: __Secure-3PSID=6gczfUaokakDgUTRAYTb411B9jbN7GJiw1DNCEqMkyzoUj1bli7mE6HMKzuXVxUCLYR_Zg.
Set-Cookie: hideBrowserUpgradeBox=true
Set-Cookie: ACCOUNT_CHOOSER=AFx_qI6zBs8ciKz35drwXv4XJP2hizFChS_IitEaVvnhu4eY-p7bO8SsEZnpzJLSGL7NluqEYU5J29Q36jTx_LD2WIUL6bk6EfrlFKdZ9XlMENFF6EOlzD8n65uMsfFZtfMatb9hyHGUqcFWPxszwmY8Ml0lQflutw
Set-Cookie: LSID=s.ES|s.youtube:6gczfS1rw6rTk2nNcBnc0yZ82bMBloPKcf84d1cKE8SnoqMnwtgLNSSOTon20Z9X4FWdfQ.
Set-Cookie: __Host-3PLSID=s.ES|s.youtube:6gczfS1rw6rTk2nNcBnc0yZ82bMBloPKcf84d1cKE8SnoqMnNGRi7g-GPirCWxc307Vt6A.
Set-Cookie: __Host-GAPS=1:WDWu01boK06NrKJbQSfdhb00vYoOe4DH-qrZ_JiLuhTVBLZFBPZBH3dOoJRSLiwmU89tMQEEFG_NkxJiJv15NTr-3VP3pQ:ceKZsdoMLCAvkSrp
Set-Cookie: CheckConnectionTempCookie281=427863
Set-Cookie: PREF=tz=Etc.GMT&f5=30000
Set-Cookie: SIDCC=AJi4QfEKH9pXy5SM_EMeizsexYVWZwXh308m4dYTXf8W7pM_Kg2Nqx4LwJXa1zCkEIU_t5Dp
Set-Cookie: __Secure-3PSIDCC=AJi4QfH-EWoXbbEII_R8YcHC5w-dhkGwk8AlnkA3ewUAxJ2Xh3khIa0E6YH3UMCfoVdKOc0E
Set-Cookie: SIDCC=AJi4QfH4ofVJe00NpWAlEL8POhx9P1SFdMaFyGe0O6HtKp2luiaMwvCW50IL3MDkztj5XXUkhw
Set-Cookie: __Secure-3PSIDCC=AJi4QfE3zrYeNJoK6aUd8BPg3yY2kVGgGUUtBb9spc2-KJAfxal4byG6tGK08TPOCJWXOXgxlQ
2021-02-09 16:36:06 [ytc.middlewares] DEBUG: Request Cookie not present
2021-02-09 16:36:06 [scrapy.core.engine] DEBUG: Crawled (200) <GET https://www.youtube.com/watch?v=3xlExHPyqM0 via http://splash:8050/execute> (referer: None)
2021-02-09 16:36:06 [scrapy.core.scraper] DEBUG: Scraped from <200 https://www.youtube.com/watch?v=3xlExHPyqM0>
{'rec_channel': 'C. Tangana',
 'rec_url': '/watch?v=h0Tb9VtVzVE',
 'rec_views': '27\xa0M de visualizaciones',
 'title': 'C. Tangana, Niño de Elche - Un Veneno (Video Oficial)',
 'url': 'https://www.youtube.com/watch?v=3xlExHPyqM0'}
2021-02-09 16:36:06 [scrapy.core.scraper] DEBUG: Scraped from <200 https://www.youtube.com/watch?v=3xlExHPyqM0>
{'rec_channel': 'Nathy Peluso',
 'rec_url': '/watch?v=XfFvBp5ocHo',
 'rec_views': '8,8\xa0M de visualizaciones',
 'title': 'Nathy Peluso - DELITO',
 'url': 'https://www.youtube.com/watch?v=3xlExHPyqM0'}
2021-02-09 16:36:06 [scrapy.core.scraper] DEBUG: Scraped from <200 https://www.youtube.com/watch?v=3xlExHPyqM0>
{'rec_channel': 'Alizzz',
 'rec_url': '/watch?v=sEjplW7a6jA',
 'rec_views': '2\xa0M de visualizaciones',
 'title': 'Alizzz, Amaia - El encuentro (Videoclip oficial)',
 'url': 'https://www.youtube.com/watch?v=3xlExHPyqM0'}
2021-02-09 16:36:06 [scrapy.core.scraper] DEBUG: Scraped from <200 https://www.youtube.com/watch?v=3xlExHPyqM0>
{'rec_channel': 'Natos y Waor',
 'rec_url': '/watch?v=9WEwKPrjZSg',
 'rec_views': '1,3\xa0M de visualizaciones',
 'title': 'Natos - DÉJÀ VU Ft. Recycled J',
 'url': 'https://www.youtube.com/watch?v=3xlExHPyqM0'}
2021-02-09 16:36:06 [scrapy.core.scraper] DEBUG: Scraped from <200 https://www.youtube.com/watch?v=3xlExHPyqM0>
{'rec_channel': 'The Weeknd',
 'rec_url': '/watch?v=XXYlFuWEuKI',
 'rec_views': '118\xa0M de visualizaciones',
 'title': 'The Weeknd - Save Your Tears (Official Music Video)',
 'url': 'https://www.youtube.com/watch?v=3xlExHPyqM0'}
2021-02-09 16:36:06 [scrapy.core.scraper] DEBUG: Scraped from <200 https://www.youtube.com/watch?v=3xlExHPyqM0>
{'rec_channel': 'Yotuel',
 'rec_url': '/watch?v=B4Hx0BZI6Nk',
 'rec_views': '4,7\xa0M de visualizaciones',
 'title': 'Rebelde - Yotuel, Beatriz Luengo, Omar Montes (Official Video)',
 'url': 'https://www.youtube.com/watch?v=3xlExHPyqM0'}
2021-02-09 16:36:06 [scrapy.core.scraper] DEBUG: Scraped from <200 https://www.youtube.com/watch?v=3xlExHPyqM0>
{'rec_channel': 'C. Tangana',
 'rec_url': '/watch?v=tUoPsVACBig',
 'rec_views': '3,8\xa0M de visualizaciones',
 'title': 'C. Tangana - Intoxicao (Audio)',
 'url': 'https://www.youtube.com/watch?v=3xlExHPyqM0'}
2021-02-09 16:36:06 [scrapy.core.scraper] DEBUG: Scraped from <200 https://www.youtube.com/watch?v=3xlExHPyqM0>
{'rec_channel': 'Don Patricio',
 'rec_url': '/watch?v=Ge-RIoB4uqY',
 'rec_views': '28\xa0M de visualizaciones',
 'title': 'DON PATRICIO - ENCHOCHADO DE TI',
 'url': 'https://www.youtube.com/watch?v=3xlExHPyqM0'}
2021-02-09 16:36:06 [scrapy.core.scraper] DEBUG: Scraped from <200 https://www.youtube.com/watch?v=3xlExHPyqM0>
{'rec_channel': 'Lao Ra',
 'rec_url': '/watch?v=ZdqRDVqRexc',
 'rec_views': '7,1\xa0M de visualizaciones',
 'title': 'Lao Ra, C. Tangana - Picaflor (Official Video)',
 'url': 'https://www.youtube.com/watch?v=3xlExHPyqM0'}
2021-02-09 16:36:06 [scrapy.core.scraper] DEBUG: Scraped from <200 https://www.youtube.com/watch?v=3xlExHPyqM0>
{'rec_channel': 'C. Tangana',
 'rec_url': '/watch?v=d0oLWETQS4s',
 'rec_views': '38\xa0M de visualizaciones',
 'title': "C. Tangana, Alizzz - Pa' Llamar Tu Atención (Video Oficial) ft. MC "
          'Bin Laden',
 'url': 'https://www.youtube.com/watch?v=3xlExHPyqM0'}
2021-02-09 16:36:06 [scrapy.core.scraper] DEBUG: Scraped from <200 https://www.youtube.com/watch?v=3xlExHPyqM0>
{'rec_channel': 'PuchoxDellaVEVO',
 'rec_url': '/watch?v=zceHYnOj8V4',
 'rec_views': '32\xa0M de visualizaciones',
 'title': 'DELLAFUENTE, C. Tangana - Guerrera (Video Oficial)',
 'url': 'https://www.youtube.com/watch?v=3xlExHPyqM0'}
2021-02-09 16:36:06 [scrapy.core.scraper] DEBUG: Scraped from <200 https://www.youtube.com/watch?v=3xlExHPyqM0>
{'rec_channel': 'Bad Gyal',
 'rec_url': '/watch?v=cFX4WR3g-kA',
 'rec_views': '11\xa0M de visualizaciones',
 'title': 'Bad Gyal, Juanka - Blin Blin',
 'url': 'https://www.youtube.com/watch?v=3xlExHPyqM0'}
2021-02-09 16:36:06 [scrapy.core.scraper] DEBUG: Scraped from <200 https://www.youtube.com/watch?v=3xlExHPyqM0>
{'rec_channel': 'C. Tangana',
 'rec_url': '/watch?v=HAc3T4aMENI',
 'rec_views': '282\xa0M de visualizaciones',
 'title': 'C. Tangana, Becky G - Booty (Video Oficial)',
 'url': 'https://www.youtube.com/watch?v=3xlExHPyqM0'}
2021-02-09 16:36:06 [scrapy.core.scraper] DEBUG: Scraped from <200 https://www.youtube.com/watch?v=3xlExHPyqM0>
{'rec_channel': 'C. Tangana',
 'rec_url': '/watch?v=U6phuhL1YbY',
 'rec_views': '20\xa0M de visualizaciones',
 'title': 'C. Tangana - Nunca Estoy (Video Oficial)',
 'url': 'https://www.youtube.com/watch?v=3xlExHPyqM0'}
2021-02-09 16:36:06 [scrapy.core.scraper] DEBUG: Scraped from <200 https://www.youtube.com/watch?v=3xlExHPyqM0>
{'rec_channel': '$kyhook',
 'rec_url': '/watch?v=f9b6onB1peA',
 'rec_views': '24\xa0M de visualizaciones',
 'title': '$kyhook - A Escondidas (Audio) ft. Morad',
 'url': 'https://www.youtube.com/watch?v=3xlExHPyqM0'}
2021-02-09 16:36:06 [scrapy.core.scraper] DEBUG: Scraped from <200 https://www.youtube.com/watch?v=3xlExHPyqM0>
{'rec_channel': 'AYAX Y PROK',
 'rec_url': '/watch?v=tCe7VFfrh6E',
 'rec_views': '43\xa0M de visualizaciones',
 'title': 'AYAX Y PROK - REPROCHES (PROD BLASFEM) | VIDEOCLIP',
 'url': 'https://www.youtube.com/watch?v=3xlExHPyqM0'}
2021-02-09 16:36:06 [scrapy.core.scraper] DEBUG: Scraped from <200 https://www.youtube.com/watch?v=3xlExHPyqM0>
{'rec_channel': 'BelénAguilera',
 'rec_url': '/watch?v=1Im9EHR04QY',
 'rec_views': '4,5\xa0M de visualizaciones',
 'title': 'Belén Aguilera & Lola Indigo - La Tirita',
 'url': 'https://www.youtube.com/watch?v=3xlExHPyqM0'}
2021-02-09 16:36:06 [scrapy.core.scraper] DEBUG: Scraped from <200 https://www.youtube.com/watch?v=3xlExHPyqM0>
{'rec_channel': 'Natos y Waor',
 'rec_url': '/watch?v=umNuOE_T0H8',
 'rec_views': '13\xa0M de visualizaciones',
 'title': 'Natos - POR TI ft. Denom  [Barras Bravas Vol. 8]',
 'url': 'https://www.youtube.com/watch?v=3xlExHPyqM0'}
2021-02-09 16:36:06 [scrapy.core.scraper] DEBUG: Scraped from <200 https://www.youtube.com/watch?v=3xlExHPyqM0>
{'rec_channel': 'Bad Gyal',
 'rec_url': '/watch?v=AKku8Mf_K5E',
 'rec_views': '5\xa0M de visualizaciones',
 'title': 'Bad Gyal, Rauw Alejandro - Zorra (Remix)',
 'url': 'https://www.youtube.com/watch?v=3xlExHPyqM0'}
2021-02-09 16:36:06 [scrapy.core.scraper] ERROR: Spider error processing <GET https://www.youtube.com/watch?v=3xlExHPyqM0 via http://splash:8050/execute> (referer: None)
Traceback (most recent call last):
  File "/usr/local/lib/python3.9/site-packages/scrapy/utils/defer.py", line 120, in iter_errback
    yield next(it)
  File "/usr/local/lib/python3.9/site-packages/scrapy/utils/python.py", line 353, in __next__
    return next(self.data)
  File "/usr/local/lib/python3.9/site-packages/scrapy/utils/python.py", line 353, in __next__
    return next(self.data)
  File "/usr/local/lib/python3.9/site-packages/scrapy/core/spidermw.py", line 62, in _evaluate_iterable
    for r in iterable:
  File "/usr/local/lib/python3.9/site-packages/scrapy_splash/middleware.py", line 156, in process_spider_output
    for el in result:
  File "/usr/local/lib/python3.9/site-packages/scrapy/core/spidermw.py", line 62, in _evaluate_iterable
    for r in iterable:
  File "/usr/local/lib/python3.9/site-packages/scrapy/spidermiddlewares/offsite.py", line 29, in process_spider_output
    for x in result:
  File "/usr/local/lib/python3.9/site-packages/scrapy/core/spidermw.py", line 62, in _evaluate_iterable
    for r in iterable:
  File "/usr/local/lib/python3.9/site-packages/scrapy/spidermiddlewares/referer.py", line 340, in <genexpr>
    return (_set_referer(r) for r in result or ())
  File "/usr/local/lib/python3.9/site-packages/scrapy/core/spidermw.py", line 62, in _evaluate_iterable
    for r in iterable:
  File "/usr/local/lib/python3.9/site-packages/scrapy/spidermiddlewares/urllength.py", line 37, in <genexpr>
    return (r for r in result or () if _filter(r))
  File "/usr/local/lib/python3.9/site-packages/scrapy/core/spidermw.py", line 62, in _evaluate_iterable
    for r in iterable:
  File "/usr/local/lib/python3.9/site-packages/scrapy/spidermiddlewares/depth.py", line 58, in <genexpr>
    return (r for r in result or () if _filter(r))
  File "/usr/local/lib/python3.9/site-packages/scrapy/core/spidermw.py", line 62, in _evaluate_iterable
    for r in iterable:
  File "/tmp/ytc-1612887663-fv7ba0wv.egg/ytc/spiders/ytspider.py", line 165, in parse
    item['title_ad']=sel.xpath("//ytd-action-companion-ad-renderer//div[1]/text()").get()
  File "/usr/local/lib/python3.9/site-packages/scrapy/item.py", line 99, in __setitem__
    raise KeyError(f"{self.__class__.__name__} does not support field: {key}")
KeyError: 'YtcItem does not support field: title_ad'
2021-02-09 16:36:06 [scrapy.core.engine] INFO: Closing spider (finished)
2021-02-09 16:36:06 [scrapy.extensions.feedexport] INFO: Stored jsonlines feed (19 items) in: file:///var/lib/scrapyd/items/ytc/ytspider/b27806b46af411eba3620242ac120006.jl
2021-02-09 16:36:06 [scrapy.statscollectors] INFO: Dumping Scrapy stats:
{'downloader/request_bytes': 16670,
 'downloader/request_count': 2,
 'downloader/request_method_count/POST': 2,
 'downloader/response_bytes': 5886045,
 'downloader/response_count': 2,
 'downloader/response_status_count/200': 2,
 'elapsed_time_seconds': 85.50532,
 'finish_reason': 'finished',
 'finish_time': datetime.datetime(2021, 2, 9, 16, 36, 6, 730788),
 'item_scraped_count': 19,
 'log_count/DEBUG': 26,
 'log_count/ERROR': 1,
 'log_count/INFO': 12,
 'log_count/WARNING': 3,
 'memusage/max': 76414976,
 'memusage/startup': 58241024,
 'request_depth_max': 1,
 'response_received_count': 2,
 'scheduler/dequeued': 4,
 'scheduler/dequeued/memory': 4,
 'scheduler/enqueued': 4,
 'scheduler/enqueued/memory': 4,
 'spider_exceptions/KeyError': 1,
 'splash/execute/request_count': 2,
 'splash/execute/response_count/200': 2,
 'start_time': datetime.datetime(2021, 2, 9, 16, 34, 41, 225468)}
2021-02-09 16:36:06 [scrapy.core.engine] INFO: Spider closed (finished)
